This is pdfTeX, Version 3.14159265-2.6-1.40.20 (MiKTeX 2.9.7050) (preloaded format=pdflatex 2019.4.16)  27 AUG 2019 18:54
entering extended mode
**./main.tex
(main.tex
LaTeX2e <2018-12-01>

(/home/casperversteeg/OneDrive/Duke/latex-project-template/./packages/Presentat
ion.cls
Document Class: Presentation 2019/07/21, v1.0
(/home/casperversteeg/.miktex/texmfs/install/tex/latex/beamer/beamer.cls
Document Class: beamer 2018/12/02 v3.55 A class for typesetting presentations

(/home/casperversteeg/.miktex/texmfs/install/tex/latex/beamer/beamerbasemodes.s
ty (/home/casperversteeg/.miktex/texmfs/install/tex/latex/etoolbox/etoolbox.sty
Package: etoolbox 2018/08/19 v2.5f e-TeX tools for LaTeX (JAW)
\etb@tempcnta=\count80
)
\beamer@tempbox=\box27
\beamer@tempcount=\count81
\c@beamerpauses=\count82

(/home/casperversteeg/.miktex/texmfs/install/tex/latex/beamer/beamerbasedecode.
sty
\beamer@slideinframe=\count83
\beamer@minimum=\count84
)
\beamer@commentbox=\box28
\beamer@modecount=\count85
) (/home/casperversteeg/.miktex/texmfs/install/tex/generic/oberdiek/ifpdf.sty
Package: ifpdf 2018/09/07 v3.3 Provides the ifpdf switch
)
\headdp=\dimen102
\footheight=\dimen103
\sidebarheight=\dimen104
\beamer@tempdim=\dimen105
\beamer@finalheight=\dimen106
\beamer@animht=\dimen107
\beamer@animdp=\dimen108
\beamer@animwd=\dimen109
\beamer@leftmargin=\dimen110
\beamer@rightmargin=\dimen111
\beamer@leftsidebar=\dimen112
\beamer@rightsidebar=\dimen113
\beamer@boxsize=\dimen114
\beamer@vboxoffset=\dimen115
\beamer@descdefault=\dimen116
\beamer@descriptionwidth=\dimen117
\beamer@lastskip=\skip41
\beamer@areabox=\box29
\beamer@animcurrent=\box30
\beamer@animshowbox=\box31
\beamer@sectionbox=\box32
\beamer@logobox=\box33
\beamer@linebox=\box34
\beamer@sectioncount=\count86
\beamer@subsubsectionmax=\count87
\beamer@subsectionmax=\count88
\beamer@sectionmax=\count89
\beamer@totalheads=\count90
\beamer@headcounter=\count91
\beamer@partstartpage=\count92
\beamer@sectionstartpage=\count93
\beamer@subsectionstartpage=\count94
\beamer@animationtempa=\count95
\beamer@animationtempb=\count96
\beamer@xpos=\count97
\beamer@ypos=\count98
\beamer@ypos@offset=\count99
\beamer@showpartnumber=\count100
\beamer@currentsubsection=\count101
\beamer@coveringdepth=\count102
\beamer@sectionadjust=\count103
\beamer@tocsectionnumber=\count104

(/home/casperversteeg/.miktex/texmfs/install/tex/latex/beamer/beamerbaseoptions
.sty (/home/casperversteeg/.miktex/texmfs/install/tex/latex/graphics/keyval.sty
Package: keyval 2014/10/28 v1.15 key=value parser (DPC)
\KV@toks@=\toks14
))
\beamer@paperwidth=\skip42
\beamer@paperheight=\skip43
(/home/casperversteeg/.miktex/texmfs/install/tex/latex/geometry/geometry.sty
Package: geometry 2018/04/16 v5.8 Page Geometry
(/home/casperversteeg/.miktex/texmfs/install/tex/generic/oberdiek/ifvtex.sty
Package: ifvtex 2016/05/16 v1.6 Detect VTeX and its facilities (HO)
Package ifvtex Info: VTeX not detected.
) (/home/casperversteeg/.miktex/texmfs/install/tex/generic/ifxetex/ifxetex.sty
Package: ifxetex 2010/09/12 v0.6 Provides ifxetex conditional
)
\Gm@cnth=\count105
\Gm@cntv=\count106
\c@Gm@tempcnt=\count107
\Gm@bindingoffset=\dimen118
\Gm@wd@mp=\dimen119
\Gm@odd@mp=\dimen120
\Gm@even@mp=\dimen121
\Gm@layoutwidth=\dimen122
\Gm@layoutheight=\dimen123
\Gm@layouthoffset=\dimen124
\Gm@layoutvoffset=\dimen125
\Gm@dimlist=\toks15
(/home/casperversteeg/.miktex/texmfs/install/tex/latex/geometry/geometry.cfg)) 
(/home/casperversteeg/.miktex/texmfs/install/tex/latex/base/size10.clo
File: size10.clo 2018/09/03 v1.4i Standard LaTeX file (size option)
)
(/home/casperversteeg/.miktex/texmfs/install/tex/latex/pgf/basiclayer/pgfcore.s
ty (/home/casperversteeg/.miktex/texmfs/install/tex/latex/graphics/graphicx.sty
Package: graphicx 2017/06/01 v1.1a Enhanced LaTeX Graphics (DPC,SPQR)
(/home/casperversteeg/.miktex/texmfs/install/tex/latex/graphics/graphics.sty
Package: graphics 2017/06/25 v1.2c Standard LaTeX Graphics (DPC,SPQR)
(/home/casperversteeg/.miktex/texmfs/install/tex/latex/graphics/trig.sty
Package: trig 2016/01/03 v1.10 sin cos tan (DPC)
)
(/home/casperversteeg/.miktex/texmfs/install/tex/latex/graphics-cfg/graphics.cf
g
File: graphics.cfg 2016/06/04 v1.11 sample graphics configuration
)
Package graphics Info: Driver file: pdftex.def on input line 99.
(/home/casperversteeg/.miktex/texmfs/install/tex/latex/graphics-def/pdftex.def
File: pdftex.def 2018/01/08 v1.0l Graphics/color driver for pdftex
))
\Gin@req@height=\dimen126
\Gin@req@width=\dimen127
)
(/home/casperversteeg/.miktex/texmfs/install/tex/latex/pgf/systemlayer/pgfsys.s
ty
(/home/casperversteeg/.miktex/texmfs/install/tex/latex/pgf/utilities/pgfrcs.sty

(/home/casperversteeg/.miktex/texmfs/install/tex/generic/pgf/utilities/pgfutil-
common.tex
\pgfutil@everybye=\toks16
\pgfutil@tempdima=\dimen128
\pgfutil@tempdimb=\dimen129

(/home/casperversteeg/.miktex/texmfs/install/tex/generic/pgf/utilities/pgfutil-
common-lists.tex))
(/home/casperversteeg/.miktex/texmfs/install/tex/generic/pgf/utilities/pgfutil-
latex.def
\pgfutil@abb=\box35
(/home/casperversteeg/.miktex/texmfs/install/tex/latex/ms/everyshi.sty
Package: everyshi 2001/05/15 v3.00 EveryShipout Package (MS)
))
(/home/casperversteeg/.miktex/texmfs/install/tex/generic/pgf/utilities/pgfrcs.c
ode.tex (/home/casperversteeg/.miktex/texmfs/install/tex/generic/pgf/pgf.revisi
on.tex)
Package: pgfrcs 2019/04/04 v3.1.2 (3.1.2)
))
(/home/casperversteeg/.miktex/texmfs/install/tex/generic/pgf/systemlayer/pgfsys
.code.tex
Package: pgfsys 2019/04/04 v3.1.2 (3.1.2)

(/home/casperversteeg/.miktex/texmfs/install/tex/generic/pgf/utilities/pgfkeys.
code.tex
\pgfkeys@pathtoks=\toks17
\pgfkeys@temptoks=\toks18

(/home/casperversteeg/.miktex/texmfs/install/tex/generic/pgf/utilities/pgfkeysf
iltered.code.tex
\pgfkeys@tmptoks=\toks19
))
\pgf@x=\dimen130
\pgf@y=\dimen131
\pgf@xa=\dimen132
\pgf@ya=\dimen133
\pgf@xb=\dimen134
\pgf@yb=\dimen135
\pgf@xc=\dimen136
\pgf@yc=\dimen137
\w@pgf@writea=\write3
\r@pgf@reada=\read1
\c@pgf@counta=\count108
\c@pgf@countb=\count109
\c@pgf@countc=\count110
\c@pgf@countd=\count111
\t@pgf@toka=\toks20
\t@pgf@tokb=\toks21
\t@pgf@tokc=\toks22
\pgf@sys@id@count=\count112

(/home/casperversteeg/.miktex/texmfs/install/tex/generic/pgf/systemlayer/pgf.cf
g
File: pgf.cfg 2019/04/04 v3.1.2 (3.1.2)
)
Driver file for pgf: pgfsys-pdftex.def

(/home/casperversteeg/.miktex/texmfs/install/tex/generic/pgf/systemlayer/pgfsys
-pdftex.def
File: pgfsys-pdftex.def 2019/04/04 v3.1.2 (3.1.2)

(/home/casperversteeg/.miktex/texmfs/install/tex/generic/pgf/systemlayer/pgfsys
-common-pdf.def
File: pgfsys-common-pdf.def 2019/04/04 v3.1.2 (3.1.2)
)))
(/home/casperversteeg/.miktex/texmfs/install/tex/generic/pgf/systemlayer/pgfsys
softpath.code.tex
File: pgfsyssoftpath.code.tex 2019/04/04 v3.1.2 (3.1.2)
\pgfsyssoftpath@smallbuffer@items=\count113
\pgfsyssoftpath@bigbuffer@items=\count114
)
(/home/casperversteeg/.miktex/texmfs/install/tex/generic/pgf/systemlayer/pgfsys
protocol.code.tex
File: pgfsysprotocol.code.tex 2019/04/04 v3.1.2 (3.1.2)
)) (/home/casperversteeg/.miktex/texmfs/install/tex/latex/xcolor/xcolor.sty
Package: xcolor 2016/05/11 v2.12 LaTeX color extensions (UK)
(/home/casperversteeg/.miktex/texmfs/install/tex/latex/graphics-cfg/color.cfg
File: color.cfg 2016/01/02 v1.6 sample color configuration
)
Package xcolor Info: Driver file: pdftex.def on input line 225.
Package xcolor Info: Model `cmy' substituted by `cmy0' on input line 1348.
Package xcolor Info: Model `hsb' substituted by `rgb' on input line 1352.
Package xcolor Info: Model `RGB' extended on input line 1364.
Package xcolor Info: Model `HTML' substituted by `rgb' on input line 1366.
Package xcolor Info: Model `Hsb' substituted by `hsb' on input line 1367.
Package xcolor Info: Model `tHsb' substituted by `hsb' on input line 1368.
Package xcolor Info: Model `HSB' substituted by `hsb' on input line 1369.
Package xcolor Info: Model `Gray' substituted by `gray' on input line 1370.
Package xcolor Info: Model `wave' substituted by `hsb' on input line 1371.
)
(/home/casperversteeg/.miktex/texmfs/install/tex/generic/pgf/basiclayer/pgfcore
.code.tex
Package: pgfcore 2019/04/04 v3.1.2 (3.1.2)

(/home/casperversteeg/.miktex/texmfs/install/tex/generic/pgf/math/pgfmath.code.
tex
(/home/casperversteeg/.miktex/texmfs/install/tex/generic/pgf/math/pgfmathcalc.c
ode.tex
(/home/casperversteeg/.miktex/texmfs/install/tex/generic/pgf/math/pgfmathutil.c
ode.tex)
(/home/casperversteeg/.miktex/texmfs/install/tex/generic/pgf/math/pgfmathparser
.code.tex
\pgfmath@dimen=\dimen138
\pgfmath@count=\count115
\pgfmath@box=\box36
\pgfmath@toks=\toks23
\pgfmath@stack@operand=\toks24
\pgfmath@stack@operation=\toks25
)
(/home/casperversteeg/.miktex/texmfs/install/tex/generic/pgf/math/pgfmathfuncti
ons.code.tex
(/home/casperversteeg/.miktex/texmfs/install/tex/generic/pgf/math/pgfmathfuncti
ons.basic.code.tex)
(/home/casperversteeg/.miktex/texmfs/install/tex/generic/pgf/math/pgfmathfuncti
ons.trigonometric.code.tex)
(/home/casperversteeg/.miktex/texmfs/install/tex/generic/pgf/math/pgfmathfuncti
ons.random.code.tex)
(/home/casperversteeg/.miktex/texmfs/install/tex/generic/pgf/math/pgfmathfuncti
ons.comparison.code.tex)
(/home/casperversteeg/.miktex/texmfs/install/tex/generic/pgf/math/pgfmathfuncti
ons.base.code.tex)
(/home/casperversteeg/.miktex/texmfs/install/tex/generic/pgf/math/pgfmathfuncti
ons.round.code.tex)
(/home/casperversteeg/.miktex/texmfs/install/tex/generic/pgf/math/pgfmathfuncti
ons.misc.code.tex)
(/home/casperversteeg/.miktex/texmfs/install/tex/generic/pgf/math/pgfmathfuncti
ons.integerarithmetics.code.tex)))
(/home/casperversteeg/.miktex/texmfs/install/tex/generic/pgf/math/pgfmathfloat.
code.tex
\c@pgfmathroundto@lastzeros=\count116
))
(/home/casperversteeg/.miktex/texmfs/install/tex/generic/pgf/basiclayer/pgfcore
points.code.tex
File: pgfcorepoints.code.tex 2019/04/04 v3.1.2 (3.1.2)
\pgf@picminx=\dimen139
\pgf@picmaxx=\dimen140
\pgf@picminy=\dimen141
\pgf@picmaxy=\dimen142
\pgf@pathminx=\dimen143
\pgf@pathmaxx=\dimen144
\pgf@pathminy=\dimen145
\pgf@pathmaxy=\dimen146
\pgf@xx=\dimen147
\pgf@xy=\dimen148
\pgf@yx=\dimen149
\pgf@yy=\dimen150
\pgf@zx=\dimen151
\pgf@zy=\dimen152
)
(/home/casperversteeg/.miktex/texmfs/install/tex/generic/pgf/basiclayer/pgfcore
pathconstruct.code.tex
File: pgfcorepathconstruct.code.tex 2019/04/04 v3.1.2 (3.1.2)
\pgf@path@lastx=\dimen153
\pgf@path@lasty=\dimen154
)
(/home/casperversteeg/.miktex/texmfs/install/tex/generic/pgf/basiclayer/pgfcore
pathusage.code.tex
File: pgfcorepathusage.code.tex 2019/04/04 v3.1.2 (3.1.2)
\pgf@shorten@end@additional=\dimen155
\pgf@shorten@start@additional=\dimen156
)
(/home/casperversteeg/.miktex/texmfs/install/tex/generic/pgf/basiclayer/pgfcore
scopes.code.tex
File: pgfcorescopes.code.tex 2019/04/04 v3.1.2 (3.1.2)
\pgfpic=\box37
\pgf@hbox=\box38
\pgf@layerbox@main=\box39
\pgf@picture@serial@count=\count117
)
(/home/casperversteeg/.miktex/texmfs/install/tex/generic/pgf/basiclayer/pgfcore
graphicstate.code.tex
File: pgfcoregraphicstate.code.tex 2019/04/04 v3.1.2 (3.1.2)
\pgflinewidth=\dimen157
)
(/home/casperversteeg/.miktex/texmfs/install/tex/generic/pgf/basiclayer/pgfcore
transformations.code.tex
File: pgfcoretransformations.code.tex 2019/04/04 v3.1.2 (3.1.2)
\pgf@pt@x=\dimen158
\pgf@pt@y=\dimen159
\pgf@pt@temp=\dimen160
)
(/home/casperversteeg/.miktex/texmfs/install/tex/generic/pgf/basiclayer/pgfcore
quick.code.tex
File: pgfcorequick.code.tex 2019/04/04 v3.1.2 (3.1.2)
)
(/home/casperversteeg/.miktex/texmfs/install/tex/generic/pgf/basiclayer/pgfcore
objects.code.tex
File: pgfcoreobjects.code.tex 2019/04/04 v3.1.2 (3.1.2)
)
(/home/casperversteeg/.miktex/texmfs/install/tex/generic/pgf/basiclayer/pgfcore
pathprocessing.code.tex
File: pgfcorepathprocessing.code.tex 2019/04/04 v3.1.2 (3.1.2)
)
(/home/casperversteeg/.miktex/texmfs/install/tex/generic/pgf/basiclayer/pgfcore
arrows.code.tex
File: pgfcorearrows.code.tex 2019/04/04 v3.1.2 (3.1.2)
\pgfarrowsep=\dimen161
)
(/home/casperversteeg/.miktex/texmfs/install/tex/generic/pgf/basiclayer/pgfcore
shade.code.tex
File: pgfcoreshade.code.tex 2019/04/04 v3.1.2 (3.1.2)
\pgf@max=\dimen162
\pgf@sys@shading@range@num=\count118
\pgf@shadingcount=\count119
)
(/home/casperversteeg/.miktex/texmfs/install/tex/generic/pgf/basiclayer/pgfcore
image.code.tex
File: pgfcoreimage.code.tex 2019/04/04 v3.1.2 (3.1.2)

(/home/casperversteeg/.miktex/texmfs/install/tex/generic/pgf/basiclayer/pgfcore
external.code.tex
File: pgfcoreexternal.code.tex 2019/04/04 v3.1.2 (3.1.2)
\pgfexternal@startupbox=\box40
))
(/home/casperversteeg/.miktex/texmfs/install/tex/generic/pgf/basiclayer/pgfcore
layers.code.tex
File: pgfcorelayers.code.tex 2019/04/04 v3.1.2 (3.1.2)
)
(/home/casperversteeg/.miktex/texmfs/install/tex/generic/pgf/basiclayer/pgfcore
transparency.code.tex
File: pgfcoretransparency.code.tex 2019/04/04 v3.1.2 (3.1.2)
)
(/home/casperversteeg/.miktex/texmfs/install/tex/generic/pgf/basiclayer/pgfcore
patterns.code.tex
File: pgfcorepatterns.code.tex 2019/04/04 v3.1.2 (3.1.2)
)
(/home/casperversteeg/.miktex/texmfs/install/tex/generic/pgf/basiclayer/pgfcore
rdf.code.tex
File: pgfcorerdf.code.tex 2019/04/04 v3.1.2 (3.1.2)
)))
(/home/casperversteeg/.miktex/texmfs/install/tex/latex/pgf/utilities/xxcolor.st
y
Package: xxcolor 2003/10/24 ver 0.1
\XC@nummixins=\count120
\XC@countmixins=\count121
) (/home/casperversteeg/.miktex/texmfs/install/tex/generic/oberdiek/atbegshi.st
y
Package: atbegshi 2016/06/09 v1.18 At begin shipout hook (HO)

(/home/casperversteeg/.miktex/texmfs/install/tex/generic/oberdiek/infwarerr.sty
Package: infwarerr 2016/05/16 v1.4 Providing info/warning/error messages (HO)
) (/home/casperversteeg/.miktex/texmfs/install/tex/generic/oberdiek/ltxcmds.sty
Package: ltxcmds 2016/05/16 v1.23 LaTeX kernel commands for general use (HO)
)) (/home/casperversteeg/.miktex/texmfs/install/tex/latex/hyperref/hyperref.sty
Package: hyperref 2018/11/30 v6.88e Hypertext links for LaTeX

(/home/casperversteeg/.miktex/texmfs/install/tex/generic/oberdiek/hobsub-hyperr
ef.sty
Package: hobsub-hyperref 2016/05/16 v1.14 Bundle oberdiek, subset hyperref (HO)


(/home/casperversteeg/.miktex/texmfs/install/tex/generic/oberdiek/hobsub-generi
c.sty
Package: hobsub-generic 2016/05/16 v1.14 Bundle oberdiek, subset generic (HO)
Package: hobsub 2016/05/16 v1.14 Construct package bundles (HO)
Package hobsub Info: Skipping package `infwarerr' (already loaded).
Package hobsub Info: Skipping package `ltxcmds' (already loaded).
Package: ifluatex 2016/05/16 v1.4 Provides the ifluatex switch (HO)
Package ifluatex Info: LuaTeX not detected.
Package hobsub Info: Skipping package `ifvtex' (already loaded).
Package: intcalc 2016/05/16 v1.2 Expandable calculations with integers (HO)
Package hobsub Info: Skipping package `ifpdf' (already loaded).
Package: etexcmds 2016/05/16 v1.6 Avoid name clashes with e-TeX commands (HO)
Package: kvsetkeys 2016/05/16 v1.17 Key value parser (HO)
Package: kvdefinekeys 2016/05/16 v1.4 Define keys (HO)
Package: pdftexcmds 2018/09/10 v0.29 Utility functions of pdfTeX for LuaTeX (HO
)
Package pdftexcmds Info: LuaTeX not detected.
Package pdftexcmds Info: \pdf@primitive is available.
Package pdftexcmds Info: \pdf@ifprimitive is available.
Package pdftexcmds Info: \pdfdraftmode found.
Package: pdfescape 2016/05/16 v1.14 Implements pdfTeX's escape features (HO)
Package: bigintcalc 2016/05/16 v1.4 Expandable calculations on big integers (HO
)
Package: bitset 2016/05/16 v1.2 Handle bit-vector datatype (HO)
Package: uniquecounter 2016/05/16 v1.3 Provide unlimited unique counter (HO)
)
Package hobsub Info: Skipping package `hobsub' (already loaded).
Package: letltxmacro 2016/05/16 v1.5 Let assignment for LaTeX macros (HO)
Package: hopatch 2016/05/16 v1.3 Wrapper for package hooks (HO)
Package: xcolor-patch 2016/05/16 xcolor patch
Package: atveryend 2016/05/16 v1.9 Hooks at the very end of document (HO)
Package hobsub Info: Skipping package `atbegshi' (already loaded).
Package: refcount 2016/05/16 v3.5 Data extraction from label references (HO)
Package: hycolor 2016/05/16 v1.8 Color options for hyperref/bookmark (HO)
) (/home/casperversteeg/.miktex/texmfs/install/tex/latex/oberdiek/auxhook.sty
Package: auxhook 2016/05/16 v1.4 Hooks for auxiliary files (HO)
) (/home/casperversteeg/.miktex/texmfs/install/tex/latex/oberdiek/kvoptions.sty
Package: kvoptions 2016/05/16 v3.12 Key value format for package options (HO)
)
\@linkdim=\dimen163
\Hy@linkcounter=\count122
\Hy@pagecounter=\count123
(/home/casperversteeg/.miktex/texmfs/install/tex/latex/hyperref/pd1enc.def
File: pd1enc.def 2018/11/30 v6.88e Hyperref: PDFDocEncoding definition (HO)
Now handling font encoding PD1 ...
... no UTF-8 mapping file for font encoding PD1
)
\Hy@SavedSpaceFactor=\count124
(/home/casperversteeg/.miktex/texmfs/install/tex/latex/00miktex/hyperref.cfg
File: hyperref.cfg 2002/06/06 v1.2 hyperref configuration of TeXLive
)
Package hyperref Info: Option `bookmarks' set `true' on input line 4393.
Package hyperref Info: Option `bookmarksopen' set `true' on input line 4393.
Package hyperref Info: Option `implicit' set `false' on input line 4393.
Package hyperref Info: Hyper figures OFF on input line 4519.
Package hyperref Info: Link nesting OFF on input line 4524.
Package hyperref Info: Hyper index ON on input line 4527.
Package hyperref Info: Plain pages OFF on input line 4534.
Package hyperref Info: Backreferencing OFF on input line 4539.
Package hyperref Info: Implicit mode OFF; no redefinition of LaTeX internals.
Package hyperref Info: Bookmarks ON on input line 4772.
\c@Hy@tempcnt=\count125
(/home/casperversteeg/.miktex/texmfs/install/tex/latex/url/url.sty
\Urlmuskip=\muskip10
Package: url 2013/09/16  ver 3.4  Verb mode for urls, etc.
)
LaTeX Info: Redefining \url on input line 5125.
\XeTeXLinkMargin=\dimen164
\Fld@menulength=\count126
\Field@Width=\dimen165
\Fld@charsize=\dimen166
Package hyperref Info: Hyper figures OFF on input line 6380.
Package hyperref Info: Link nesting OFF on input line 6385.
Package hyperref Info: Hyper index ON on input line 6388.
Package hyperref Info: backreferencing OFF on input line 6395.
Package hyperref Info: Link coloring OFF on input line 6400.
Package hyperref Info: Link coloring with OCG OFF on input line 6405.
Package hyperref Info: PDF/A mode OFF on input line 6410.
LaTeX Info: Redefining \ref on input line 6450.
LaTeX Info: Redefining \pageref on input line 6454.
\Hy@abspage=\count127

Package hyperref Message: Stopped early.

)
Package hyperref Info: Driver (autodetected): hpdftex.
(/home/casperversteeg/.miktex/texmfs/install/tex/latex/hyperref/hpdftex.def
File: hpdftex.def 2018/11/30 v6.88e Hyperref driver for pdfTeX
\Fld@listcount=\count128
\c@bookmark@seq@number=\count129

(/home/casperversteeg/.miktex/texmfs/install/tex/latex/oberdiek/rerunfilecheck.
sty
Package: rerunfilecheck 2016/05/16 v1.8 Rerun checks for auxiliary files (HO)
Package uniquecounter Info: New unique counter `rerunfilecheck' on input line 2
82.
))
(/home/casperversteeg/.miktex/texmfs/install/tex/latex/beamer/beamerbaserequire
s.sty
(/home/casperversteeg/.miktex/texmfs/install/tex/latex/beamer/beamerbasecompati
bility.sty)
(/home/casperversteeg/.miktex/texmfs/install/tex/latex/beamer/beamerbasefont.st
y (/home/casperversteeg/.miktex/texmfs/install/tex/latex/amsfonts/amssymb.sty
Package: amssymb 2013/01/14 v3.01 AMS font symbols
(/home/casperversteeg/.miktex/texmfs/install/tex/latex/amsfonts/amsfonts.sty
Package: amsfonts 2013/01/14 v3.01 Basic AMSFonts support
\@emptytoks=\toks26
\symAMSa=\mathgroup4
\symAMSb=\mathgroup5
LaTeX Font Info:    Overwriting math alphabet `\mathfrak' in version `bold'
(Font)                  U/euf/m/n --> U/euf/b/n on input line 106.
))
(/home/casperversteeg/.miktex/texmfs/install/tex/latex/sansmathaccent/sansmatha
ccent.sty
Package: sansmathaccent 2013/03/28
(/home/casperversteeg/.miktex/texmfs/install/tex/latex/filehook/filehook.sty
Package: filehook 2011/10/12 v0.5d Hooks for input files
)))
(/home/casperversteeg/.miktex/texmfs/install/tex/latex/beamer/beamerbasetransla
tor.sty
(/home/casperversteeg/.miktex/texmfs/install/tex/latex/translator/translator.st
y
Package: translator 2018/01/04 v1.12 Easy translation of strings in LaTeX
))
(/home/casperversteeg/.miktex/texmfs/install/tex/latex/beamer/beamerbasemisc.st
y)
(/home/casperversteeg/.miktex/texmfs/install/tex/latex/beamer/beamerbasetwoscre
ens.sty)
(/home/casperversteeg/.miktex/texmfs/install/tex/latex/beamer/beamerbaseoverlay
.sty
\beamer@argscount=\count130
\beamer@lastskipcover=\skip44
\beamer@trivlistdepth=\count131
)
(/home/casperversteeg/.miktex/texmfs/install/tex/latex/beamer/beamerbasetitle.s
ty)
(/home/casperversteeg/.miktex/texmfs/install/tex/latex/beamer/beamerbasesection
.sty
\c@lecture=\count132
\c@part=\count133
\c@section=\count134
\c@subsection=\count135
\c@subsubsection=\count136
)
(/home/casperversteeg/.miktex/texmfs/install/tex/latex/beamer/beamerbaseframe.s
ty
\beamer@framebox=\box41
\beamer@frametitlebox=\box42
\beamer@zoombox=\box43
\beamer@zoomcount=\count137
\beamer@zoomframecount=\count138
\beamer@frametextheight=\dimen167
\c@subsectionslide=\count139
\beamer@frametopskip=\skip45
\beamer@framebottomskip=\skip46
\beamer@frametopskipautobreak=\skip47
\beamer@framebottomskipautobreak=\skip48
\beamer@envbody=\toks27
\framewidth=\dimen168
\c@framenumber=\count140
)
(/home/casperversteeg/.miktex/texmfs/install/tex/latex/beamer/beamerbaseverbati
m.sty
\beamer@verbatimfileout=\write4
)
(/home/casperversteeg/.miktex/texmfs/install/tex/latex/beamer/beamerbaseframesi
ze.sty
\beamer@splitbox=\box44
\beamer@autobreakcount=\count141
\beamer@autobreaklastheight=\dimen169
\beamer@frametitletoks=\toks28
\beamer@framesubtitletoks=\toks29
)
(/home/casperversteeg/.miktex/texmfs/install/tex/latex/beamer/beamerbaseframeco
mponents.sty
\beamer@footins=\box45
)
(/home/casperversteeg/.miktex/texmfs/install/tex/latex/beamer/beamerbasecolor.s
ty)
(/home/casperversteeg/.miktex/texmfs/install/tex/latex/beamer/beamerbasenotes.s
ty
\beamer@frameboxcopy=\box46
)
(/home/casperversteeg/.miktex/texmfs/install/tex/latex/beamer/beamerbasetoc.sty
)
(/home/casperversteeg/.miktex/texmfs/install/tex/latex/beamer/beamerbasetemplat
es.sty
\beamer@sbttoks=\toks30

(/home/casperversteeg/.miktex/texmfs/install/tex/latex/beamer/beamerbaseauxtemp
lates.sty
(/home/casperversteeg/.miktex/texmfs/install/tex/latex/beamer/beamerbaseboxes.s
ty
\bmb@box=\box47
\bmb@colorbox=\box48
\bmb@boxshadow=\box49
\bmb@boxshadowball=\box50
\bmb@boxshadowballlarge=\box51
\bmb@temp=\dimen170
\bmb@dima=\dimen171
\bmb@dimb=\dimen172
\bmb@prevheight=\dimen173
)
\beamer@blockheadheight=\dimen174
))
(/home/casperversteeg/.miktex/texmfs/install/tex/latex/beamer/beamerbaselocalst
ructure.sty (/home/casperversteeg/.miktex/texmfs/install/tex/latex/tools/enumer
ate.sty
Package: enumerate 2015/07/23 v3.00 enumerate extensions (DPC)
\@enLab=\toks31
)
\c@figure=\count142
\c@table=\count143
\abovecaptionskip=\skip49
\belowcaptionskip=\skip50
)
(/home/casperversteeg/.miktex/texmfs/install/tex/latex/beamer/beamerbasenavigat
ion.sty
\beamer@section@min@dim=\dimen175
)
(/home/casperversteeg/.miktex/texmfs/install/tex/latex/beamer/beamerbasetheorem
s.sty (/home/casperversteeg/.miktex/texmfs/install/tex/latex/amsmath/amsmath.st
y
Package: amsmath 2018/12/01 v2.17b AMS math features
\@mathmargin=\skip51
For additional information on amsmath, use the `?' option.
(/home/casperversteeg/.miktex/texmfs/install/tex/latex/amsmath/amstext.sty
Package: amstext 2000/06/29 v2.01 AMS text
(/home/casperversteeg/.miktex/texmfs/install/tex/latex/amsmath/amsgen.sty
File: amsgen.sty 1999/11/30 v2.0 generic functions
\@emptytoks=\toks32
\ex@=\dimen176
)) (/home/casperversteeg/.miktex/texmfs/install/tex/latex/amsmath/amsbsy.sty
Package: amsbsy 1999/11/29 v1.2d Bold Symbols
\pmbraise@=\dimen177
) (/home/casperversteeg/.miktex/texmfs/install/tex/latex/amsmath/amsopn.sty
Package: amsopn 2016/03/08 v2.02 operator names
)
\inf@bad=\count144
LaTeX Info: Redefining \frac on input line 223.
\uproot@=\count145
\leftroot@=\count146
LaTeX Info: Redefining \overline on input line 385.
\classnum@=\count147
\DOTSCASE@=\count148
LaTeX Info: Redefining \ldots on input line 482.
LaTeX Info: Redefining \dots on input line 485.
LaTeX Info: Redefining \cdots on input line 606.
\Mathstrutbox@=\box52
\strutbox@=\box53
\big@size=\dimen178
LaTeX Font Info:    Redeclaring font encoding OML on input line 729.
LaTeX Font Info:    Redeclaring font encoding OMS on input line 730.
\macc@depth=\count149
\c@MaxMatrixCols=\count150
\dotsspace@=\muskip11
\c@parentequation=\count151
\dspbrk@lvl=\count152
\tag@help=\toks33
\row@=\count153
\column@=\count154
\maxfields@=\count155
\andhelp@=\toks34
\eqnshift@=\dimen179
\alignsep@=\dimen180
\tagshift@=\dimen181
\tagwidth@=\dimen182
\totwidth@=\dimen183
\lineht@=\dimen184
\@envbody=\toks35
\multlinegap=\skip52
\multlinetaggap=\skip53
\mathdisplay@stack=\toks36
LaTeX Info: Redefining \[ on input line 2844.
LaTeX Info: Redefining \] on input line 2845.
) (/home/casperversteeg/.miktex/texmfs/install/tex/latex/amscls/amsthm.sty
Package: amsthm 2017/10/31 v2.20.4
\thm@style=\toks37
\thm@bodyfont=\toks38
\thm@headfont=\toks39
\thm@notefont=\toks40
\thm@headpunct=\toks41
\thm@preskip=\skip54
\thm@postskip=\skip55
\thm@headsep=\skip56
\dth@everypar=\toks42
)
\c@theorem=\count156
)
(/home/casperversteeg/.miktex/texmfs/install/tex/latex/beamer/beamerbasethemes.
sty))
(/home/casperversteeg/.miktex/texmfs/install/tex/latex/beamer/beamerthemedefaul
t.sty
(/home/casperversteeg/.miktex/texmfs/install/tex/latex/beamer/beamerfontthemede
fault.sty)
(/home/casperversteeg/.miktex/texmfs/install/tex/latex/beamer/beamercolorthemed
efault.sty)
(/home/casperversteeg/.miktex/texmfs/install/tex/latex/beamer/beamerinnerthemed
efault.sty
\beamer@dima=\dimen185
\beamer@dimb=\dimen186
)
(/home/casperversteeg/.miktex/texmfs/install/tex/latex/beamer/beamerouterthemed
efault.sty)))
(/home/casperversteeg/OneDrive/Duke/latex-project-template/./packages/General.s
ty
Package: General 2019/07/21, v1.0
(/home/casperversteeg/.miktex/texmfs/install/tex/latex/base/inputenc.sty
Package: inputenc 2018/08/11 v1.3c Input encoding file
\inpenc@prehook=\toks43
\inpenc@posthook=\toks44
) (/home/casperversteeg/.miktex/texmfs/install/tex/latex/tools/calc.sty
Package: calc 2017/05/25 v4.3 Infix arithmetic (KKT,FJ)
\calc@Acount=\count157
\calc@Bcount=\count158
\calc@Adimen=\dimen187
\calc@Bdimen=\dimen188
\calc@Askip=\skip57
\calc@Bskip=\skip58
LaTeX Info: Redefining \setlength on input line 80.
LaTeX Info: Redefining \addtolength on input line 81.
\calc@Ccount=\count159
\calc@Cskip=\skip59
) (/home/casperversteeg/.miktex/texmfs/install/tex/latex/microtype/microtype.st
y
Package: microtype 2019/02/28 v2.7b Micro-typographical refinements (RS)
\MT@toks=\toks45
\MT@count=\count160
LaTeX Info: Redefining \textls on input line 790.
\MT@outer@kern=\dimen189
LaTeX Info: Redefining \textmicrotypecontext on input line 1336.
\MT@listname@count=\count161

(/home/casperversteeg/.miktex/texmfs/install/tex/latex/microtype/microtype-pdft
ex.def
File: microtype-pdftex.def 2019/02/28 v2.7b Definitions specific to pdftex (RS)

LaTeX Info: Redefining \lsstyle on input line 914.
LaTeX Info: Redefining \lslig on input line 914.
\MT@outer@space=\skip60
)
Package microtype Info: Loading configuration file microtype.cfg.
(/home/casperversteeg/.miktex/texmfs/install/tex/latex/microtype/microtype.cfg
File: microtype.cfg 2019/02/28 v2.7b microtype main configuration file (RS)
)) (/home/casperversteeg/.miktex/texmfs/install/tex/latex/enumitem/enumitem.sty
Package: enumitem 2019/02/04 v3.8 Customized lists
\labelindent=\skip61
\enit@outerparindent=\dimen190
\enit@toks=\toks46
\enit@inbox=\box54
\enit@count@id=\count162
\enitdp@description=\count163
) (/home/casperversteeg/.miktex/texmfs/install/tex/latex/setspace/setspace.sty
Package: setspace 2011/12/19 v6.7a set line spacing
) (/home/casperversteeg/.miktex/texmfs/install/tex/latex/appendix/appendix.sty
Package: appendix 2009/09/02 v1.2b extra appendix facilities
\c@@pps=\count164
\c@@ppsavesec=\count165
\c@@ppsaveapp=\count166
) (/home/casperversteeg/.miktex/texmfs/install/tex/latex/tools/multicol.sty
Package: multicol 2018/12/27 v1.8v multicolumn formatting (FMi)
\c@tracingmulticols=\count167
\mult@box=\box55
\multicol@leftmargin=\dimen191
\c@unbalance=\count168
\c@collectmore=\count169
\doublecol@number=\count170
\multicoltolerance=\count171
\multicolpretolerance=\count172
\full@width=\dimen192
\page@free=\dimen193
\premulticols=\dimen194
\postmulticols=\dimen195
\multicolsep=\skip62
\multicolbaselineskip=\skip63
\partial@page=\box56
\last@line=\box57
\maxbalancingoverflow=\dimen196
\mult@rightbox=\box58
\mult@grightbox=\box59
\mult@gfirstbox=\box60
\mult@firstbox=\box61
\@tempa=\box62
\@tempa=\box63
\@tempa=\box64
\@tempa=\box65
\@tempa=\box66
\@tempa=\box67
\@tempa=\box68
\@tempa=\box69
\@tempa=\box70
\@tempa=\box71
\@tempa=\box72
\@tempa=\box73
\@tempa=\box74
\@tempa=\box75
\@tempa=\box76
\@tempa=\box77
\@tempa=\box78
\c@columnbadness=\count173
\c@finalcolumnbadness=\count174
\last@try=\dimen197
\multicolovershoot=\dimen198
\multicolundershoot=\dimen199
\mult@nat@firstbox=\box79
\colbreak@box=\box80
\mc@col@check@num=\count175
) (/home/casperversteeg/.miktex/texmfs/install/tex/latex/multirow/multirow.sty
Package: multirow 2019/01/01 v2.4 Span multiple rows of a table
\multirow@colwidth=\skip64
\multirow@cntb=\count176
\multirow@dima=\skip65
\bigstrutjot=\dimen256
) (/home/casperversteeg/.miktex/texmfs/install/tex/latex/graphics/lscape.sty
Package: lscape 2000/10/22 v3.01 Landscape Pages (DPC)
) (/home/casperversteeg/.miktex/texmfs/install/tex/latex/lipsum/lipsum.sty (/ho
me/casperversteeg/.miktex/texmfs/install/tex/latex/l3kernel/expl3.sty
Package: expl3 2019-04-06 L3 programming layer (loader) 
(/home/casperversteeg/.miktex/texmfs/install/tex/latex/l3kernel/expl3-code.tex
Package: expl3 2019-04-06 L3 programming layer (code)
\c_max_int=\count177
\l_tmpa_int=\count178
\l_tmpb_int=\count179
\g_tmpa_int=\count180
\g_tmpb_int=\count181
\g__kernel_prg_map_int=\count182
\c__ior_term_ior=\count183
\c_log_iow=\count184
\l_iow_line_count_int=\count185
\l__iow_line_target_int=\count186
\l__iow_one_indent_int=\count187
\l__iow_indent_int=\count188
\c_zero_dim=\dimen257
\c_max_dim=\dimen258
\l_tmpa_dim=\dimen259
\l_tmpb_dim=\dimen260
\g_tmpa_dim=\dimen261
\g_tmpb_dim=\dimen262
\c_zero_skip=\skip66
\c_max_skip=\skip67
\l_tmpa_skip=\skip68
\l_tmpb_skip=\skip69
\g_tmpa_skip=\skip70
\g_tmpb_skip=\skip71
\c_zero_muskip=\muskip12
\c_max_muskip=\muskip13
\l_tmpa_muskip=\muskip14
\l_tmpb_muskip=\muskip15
\g_tmpa_muskip=\muskip16
\g_tmpb_muskip=\muskip17
\l_keys_choice_int=\count189
\l__intarray_loop_int=\count190
\c__intarray_sp_dim=\dimen263
\g__intarray_font_int=\count191
\c__fp_leading_shift_int=\count192
\c__fp_middle_shift_int=\count193
\c__fp_trailing_shift_int=\count194
\c__fp_big_leading_shift_int=\count195
\c__fp_big_middle_shift_int=\count196
\c__fp_big_trailing_shift_int=\count197
\c__fp_Bigg_leading_shift_int=\count198
\c__fp_Bigg_middle_shift_int=\count199
\c__fp_Bigg_trailing_shift_int=\count266
\c__kernel_randint_max_int=\count267
\g__fp_array_int=\count268
\l__fp_array_loop_int=\count269
\l__sort_length_int=\count270
\l__sort_min_int=\count271
\l__sort_top_int=\count272
\l__sort_max_int=\count273
\l__sort_true_max_int=\count274
\l__sort_block_int=\count275
\l__sort_begin_int=\count276
\l__sort_end_int=\count277
\l__sort_A_int=\count278
\l__sort_B_int=\count279
\l__sort_C_int=\count280
\l__tl_analysis_normal_int=\count281
\l__tl_analysis_index_int=\count282
\l__tl_analysis_nesting_int=\count283
\l__tl_analysis_type_int=\count284
\l__regex_internal_a_int=\count285
\l__regex_internal_b_int=\count286
\l__regex_internal_c_int=\count287
\l__regex_balance_int=\count288
\l__regex_group_level_int=\count289
\l__regex_mode_int=\count290
\c__regex_cs_in_class_mode_int=\count291
\c__regex_cs_mode_int=\count292
\l__regex_catcodes_int=\count293
\l__regex_default_catcodes_int=\count294
\c__regex_catcode_D_int=\count295
\c__regex_catcode_S_int=\count296
\c__regex_catcode_L_int=\count297
\c__regex_catcode_O_int=\count298
\c__regex_catcode_A_int=\count299
\c__regex_all_catcodes_int=\count300
\l__regex_show_lines_int=\count301
\l__regex_min_state_int=\count302
\l__regex_max_state_int=\count303
\l__regex_left_state_int=\count304
\l__regex_right_state_int=\count305
\l__regex_capturing_group_int=\count306
\l__regex_min_pos_int=\count307
\l__regex_max_pos_int=\count308
\l__regex_curr_pos_int=\count309
\l__regex_start_pos_int=\count310
\l__regex_success_pos_int=\count311
\l__regex_curr_char_int=\count312
\l__regex_curr_catcode_int=\count313
\l__regex_last_char_int=\count314
\l__regex_case_changed_char_int=\count315
\l__regex_curr_state_int=\count316
\l__regex_step_int=\count317
\l__regex_min_active_int=\count318
\l__regex_max_active_int=\count319
\l__regex_replacement_csnames_int=\count320
\l__regex_match_count_int=\count321
\l__regex_min_submatch_int=\count322
\l__regex_submatch_int=\count323
\l__regex_zeroth_submatch_int=\count324
\g__regex_trace_regex_int=\count325
\c_empty_box=\box81
\l_tmpa_box=\box82
\l_tmpb_box=\box83
\g_tmpa_box=\box84
\g_tmpb_box=\box85
\l__box_top_dim=\dimen264
\l__box_bottom_dim=\dimen265
\l__box_left_dim=\dimen266
\l__box_right_dim=\dimen267
\l__box_top_new_dim=\dimen268
\l__box_bottom_new_dim=\dimen269
\l__box_left_new_dim=\dimen270
\l__box_right_new_dim=\dimen271
\l__box_internal_box=\box86
\l__coffin_internal_box=\box87
\l__coffin_internal_dim=\dimen272
\l__coffin_offset_x_dim=\dimen273
\l__coffin_offset_y_dim=\dimen274
\l__coffin_x_dim=\dimen275
\l__coffin_y_dim=\dimen276
\l__coffin_x_prime_dim=\dimen277
\l__coffin_y_prime_dim=\dimen278
\c_empty_coffin=\box88
\l__coffin_aligned_coffin=\box89
\l__coffin_aligned_internal_coffin=\box90
\l_tmpa_coffin=\box91
\l_tmpb_coffin=\box92
\g_tmpa_coffin=\box93
\g_tmpb_coffin=\box94
\l__coffin_bounding_shift_dim=\dimen279
\l__coffin_left_corner_dim=\dimen280
\l__coffin_right_corner_dim=\dimen281
\l__coffin_bottom_corner_dim=\dimen282
\l__coffin_top_corner_dim=\dimen283
\l__coffin_scaled_total_height_dim=\dimen284
\l__coffin_scaled_width_dim=\dimen285
\c__coffin_empty_coffin=\box95
\l__coffin_display_coffin=\box96
\l__coffin_display_coord_coffin=\box97
\l__coffin_display_pole_coffin=\box98
\l__coffin_display_offset_dim=\dimen286
\l__coffin_display_x_dim=\dimen287
\l__coffin_display_y_dim=\dimen288
\g__file_internal_ior=\read2
\l__seq_internal_a_int=\count326
\l__seq_internal_b_int=\count327
\c__deprecation_minus_one=\count328
) (/home/casperversteeg/.miktex/texmfs/install/tex/latex/l3kernel/l3pdfmode.def
File: l3pdfmode.def 2019-04-06 v L3 Experimental driver: PDF mode
\l__driver_color_stack_int=\count329
))
(/home/casperversteeg/.miktex/texmfs/install/tex/latex/l3packages/xparse/xparse
.sty
Package: xparse 2019-03-05 L3 Experimental document command parser
\l__xparse_current_arg_int=\count330
\g__xparse_grabber_int=\count331
\l__xparse_m_args_int=\count332
\l__xparse_v_nesting_int=\count333
)
Package: lipsum 2019/01/02 v2.2 150 paragraphs of Lorem Ipsum dummy text
(/home/casperversteeg/.miktex/texmfs/install/tex/latex/lipsum/lipsum.ltd.tex
File: lipsum.ltd.tex 2019/01/02 v2.2 The Lorem ipsum dummy text
)) (/home/casperversteeg/.miktex/texmfs/install/tex/latex/tabu/tabu.sty
Package: tabu 2019/01/11 v2.9 - flexible LaTeX tabulars (FC+tabu-fixed)
(/home/casperversteeg/.miktex/texmfs/install/tex/latex/tools/array.sty
Package: array 2018/12/30 v2.4k Tabular extension package (FMi)
\col@sep=\dimen289
\ar@mcellbox=\box99
\extrarowheight=\dimen290
\NC@list=\toks47
\extratabsurround=\skip72
\backup@length=\skip73
\ar@cellbox=\box100
) (/home/casperversteeg/.miktex/texmfs/install/tex/latex/varwidth/varwidth.sty
Package: varwidth 2009/03/30 ver 0.92;  Variable-width minipages
\@vwid@box=\box101
\sift@deathcycles=\count334
\@vwid@loff=\dimen291
\@vwid@roff=\dimen292
)
\c@taburow=\count335
\tabu@nbcols=\count336
\tabu@cnt=\count337
\tabu@Xcol=\count338
\tabu@alloc=\count339
\tabu@nested=\count340
\tabu@target=\dimen293
\tabu@spreadtarget=\dimen294
\tabu@naturalX=\dimen295
\tabucolX=\dimen296
\tabu@Xsum=\dimen297
\extrarowdepth=\dimen298
\abovetabulinesep=\dimen299
\belowtabulinesep=\dimen300
\tabustrutrule=\dimen301
\tabu@thebody=\toks48
\tabu@footnotes=\toks49
\tabu@box=\box102
\tabu@arstrutbox=\box103
\tabu@hleads=\box104
\tabu@vleads=\box105
\tabu@cellskip=\skip74
) (/home/casperversteeg/.miktex/texmfs/install/tex/latex/tools/longtable.sty
Package: longtable 2014/10/28 v4.11 Multi-page Table package (DPC)+ FMi change
\LTleft=\skip75
\LTright=\skip76
\LTpre=\skip77
\LTpost=\skip78
\LTchunksize=\count341
\LTcapwidth=\dimen302
\LT@head=\box106
\LT@firsthead=\box107
\LT@foot=\box108
\LT@lastfoot=\box109
\LT@cols=\count342
\LT@rows=\count343
\c@LT@tables=\count344
\c@LT@chunks=\count345
\LT@p@ftn=\toks50
) (/home/casperversteeg/.miktex/texmfs/install/tex/latex/tools/tabularx.sty
Package: tabularx 2016/02/03 v2.11b `tabularx' package (DPC)
\TX@col@width=\dimen303
\TX@old@table=\dimen304
\TX@old@col=\dimen305
\TX@target=\dimen306
\TX@delta=\dimen307
\TX@cols=\count346
\TX@ftn=\toks51
) (/home/casperversteeg/.miktex/texmfs/install/tex/latex/tools/verbatim.sty
Package: verbatim 2014/10/28 v1.5q LaTeX2e package for verbatim enhancements
\every@verbatim=\toks52
\verbatim@line=\toks53
\verbatim@in@stream=\read3
) (/home/casperversteeg/.miktex/texmfs/install/tex/latex/soul/soul.sty
Package: soul 2003/11/17 v2.4 letterspacing/underlining (mf)
\SOUL@word=\toks54
\SOUL@lasttoken=\toks55
\SOUL@cmds=\toks56
\SOUL@buffer=\toks57
\SOUL@token=\toks58
\SOUL@spaceskip=\skip79
\SOUL@ttwidth=\dimen308
\SOUL@uldp=\dimen309
\SOUL@ulht=\dimen310
) (/home/casperversteeg/.miktex/texmfs/install/tex/latex/lettrine/lettrine.sty
File: lettrine.sty 2019-04-06 v2.22 (Daniel Flipo)
(/home/casperversteeg/.miktex/texmfs/install/tex/generic/minifp/minifp.sty
Package: minifp 2013/12/30 v0.96. Macros for real number operations and a stack
-based programing language.
\MFP@loopctr=\count347
)
\c@DefaultLines=\count348
\c@DefaultDepth=\count349
\DefaultFindent=\dimen311
\DefaultNindent=\dimen312
\DefaultSlope=\dimen313
\DiscardVskip=\dimen314
\L@lbox=\box110
\L@tbox=\box111
\c@L@lines=\count350
\c@L@depth=\count351
\L@Pindent=\dimen315
\L@Findent=\dimen316
\L@Nindent=\dimen317
\L@lraise=\dimen318
\L@first=\dimen319
\L@next=\dimen320
\L@slope=\dimen321
\L@height=\dimen322
\L@novskip=\dimen323
\L@target@ht=\dimen324
\L@target@dp=\dimen325
\L@target@tht=\dimen326
\LettrineWidth=\dimen327
\LettrineHeight=\dimen328
\LettrineDepth=\dimen329
\Llist@everypar=\toks59
Loading lettrine.cfg
(/home/casperversteeg/.miktex/texmfs/install/tex/latex/lettrine/lettrine.cfg)) 
(/home/casperversteeg/.miktex/texmfs/install/tex/latex/cprotect/cprotect.sty
Package: cprotect 2011/01/27 v1.0e (Bruno Le Floch)
(/home/casperversteeg/.miktex/texmfs/install/tex/latex/base/ifthen.sty
Package: ifthen 2014/09/29 v1.1c Standard LaTeX ifthen package (DPC)
) (/home/casperversteeg/.miktex/texmfs/install/tex/latex/bigfoot/suffix.sty
Package: suffix 2006/07/15 1.5a Variant command support
)
\CPT@WriteOut=\write5
\c@CPT@WriteCount=\count352
\c@CPT@numB=\count353
\CPT@commandatend@toks=\toks60
)
(/home/casperversteeg/.miktex/texmfs/install/tex/latex/standalone/standalone.st
y
Package: standalone 2018/03/26 v1.3a Package to include TeX sub-files with prea
mbles
(/home/casperversteeg/.miktex/texmfs/install/tex/latex/tools/shellesc.sty
Package: shellesc 2016/06/07 v0.02a unified shell escape interface for LaTeX
Package shellesc Info: Unrestricted shell escape enabled on input line 67.
) (/home/casperversteeg/.miktex/texmfs/install/tex/latex/xkeyval/xkeyval.sty
Package: xkeyval 2014/12/03 v2.7a package option processing (HA)
(/home/casperversteeg/.miktex/texmfs/install/tex/generic/xkeyval/xkeyval.tex (/
home/casperversteeg/.miktex/texmfs/install/tex/generic/xkeyval/xkvutils.tex
\XKV@toks=\toks61
\XKV@tempa@toks=\toks62
)
\XKV@depth=\count354
File: xkeyval.tex 2014/12/03 v2.7a key=value parser (HA)
)) (/home/casperversteeg/.miktex/texmfs/install/tex/latex/currfile/currfile.sty
Package: currfile 2015/04/23 v0.7c Provides the file path elements of the curre
nt input file
\c@currfiledepth=\count355
)
\sa@out=\write6
(/home/casperversteeg/OneDrive/Duke/latex-project-template/build/main.sta) (/ho
me/casperversteeg/.miktex/texmfs/install/tex/latex/gincltex/gincltex.sty (/home
/casperversteeg/.miktex/texmfs/install/tex/latex/svn-prov/svn-prov.sty
Package: svn-prov 2010/04/24 v3.1862 Package Date/Version from SVN Keywords
)
Package: gincltex 2011/09/04 v0.3 Include external LaTeX files like graphics
(/home/casperversteeg/.miktex/texmfs/install/tex/latex/adjustbox/adjustbox.sty
Package: adjustbox 2019/01/04 v1.2 Adjusting TeX boxes (trim, clip, ...)
(/home/casperversteeg/.miktex/texmfs/install/tex/latex/adjustbox/adjcalc.sty
Package: adjcalc 2012/05/16 v1.1 Provides advanced setlength with multiple back
-ends (calc, etex, pgfmath)
) (/home/casperversteeg/.miktex/texmfs/install/tex/latex/adjustbox/trimclip.sty
Package: trimclip 2018/04/08 v1.1 Trim and clip general TeX material

(/home/casperversteeg/.miktex/texmfs/install/tex/latex/collectbox/collectbox.st
y
Package: collectbox 2012/05/17 v0.4b Collect macro arguments as boxes
\collectedbox=\box112
)
\tc@llx=\dimen330
\tc@lly=\dimen331
\tc@urx=\dimen332
\tc@ury=\dimen333
Package trimclip Info: Using driver 'tc-pdftex.def'.
(/home/casperversteeg/.miktex/texmfs/install/tex/latex/adjustbox/tc-pdftex.def
File: tc-pdftex.def 2019/01/04 v2.2 Clipping driver for pdftex
))
\adjbox@Width=\dimen334
\adjbox@Height=\dimen335
\adjbox@Depth=\dimen336
\adjbox@Totalheight=\dimen337
\adjbox@pwidth=\dimen338
\adjbox@pheight=\dimen339
\adjbox@pdepth=\dimen340
\adjbox@ptotalheight=\dimen341
(/home/casperversteeg/.miktex/texmfs/install/tex/latex/ifoddpage/ifoddpage.sty
Package: ifoddpage 2016/04/23 v1.1 Conditionals for odd/even page detection
\c@checkoddpage=\count356
))
\gincltex@box=\box113
)
(/home/casperversteeg/.miktex/texmfs/install/tex/latex/filemod/filemod-expmin.s
ty
Package: filemod-expmin 2011/09/19 v1.2 Get and compare file modification times
 (expandable; minimal)
)) (/home/casperversteeg/.miktex/texmfs/install/tex/latex/subfiles/subfiles.sty
Package: subfiles 2018/07/31 Federico Garcia, Gernot Salzer
) (/home/casperversteeg/.miktex/texmfs/install/tex/latex/fancyhdr/fancyhdr.sty
Package: fancyhdr 2019/01/31 v3.10 Extensive control of page headers and footer
s
\f@nch@headwidth=\skip80
\f@nch@O@elh=\skip81
\f@nch@O@erh=\skip82
\f@nch@O@olh=\skip83
\f@nch@O@orh=\skip84
\f@nch@O@elf=\skip85
\f@nch@O@erf=\skip86
\f@nch@O@olf=\skip87
\f@nch@O@orf=\skip88
) (/home/casperversteeg/.miktex/texmfs/install/tex/latex/dirtree/dirtree.sty
Package: dirtree 2012/12/11 v0.32 package wrapper for dirtree
(/home/casperversteeg/.miktex/texmfs/install/tex/generic/dirtree/dirtree.tex `d
irtree' v0.32, 2012/12/11 (jcc)
\DT@offset=\dimen342
\DT@width=\dimen343
\DT@sep=\dimen344
\DT@all=\dimen345
\DT@rulewidth=\dimen346
\DT@dotwidth=\dimen347
\DTbaselineskip=\dimen348
\DT@counti=\count357
\DT@countii=\count358
\DT@countiii=\count359
\DT@countiv=\count360
\DT@indent=\dimen349
\DT@parskip=\dimen350
\DT@baselineskip=\dimen351
)
File: dirtree.tex 2012/12/11 v0.32 `dirtree' (jcc)
)
\sympureletters=\mathgroup6
LaTeX Font Info:    Overwriting symbol font `pureletters' in version `bold'
(Font)                  OT1/mathkerncmss/m/sl --> OT1/mathkerncmss/bx/sl on inp
ut line 32.
(/home/casperversteeg/.miktex/texmfs/install/tex/latex/tools/bm.sty
Package: bm 2017/01/16 v1.2c Bold Symbol Support (DPC/FMi)
\symboldoperators=\mathgroup7
\symboldletters=\mathgroup8
\symboldsymbols=\mathgroup9
\symboldpureletters=\mathgroup10
LaTeX Font Info:    Redeclaring math alphabet \mathbf on input line 141.
LaTeX Info: Redefining \bm on input line 207.
) (/home/casperversteeg/.miktex/texmfs/install/tex/latex/mathtools/mathtools.st
y
Package: mathtools 2018/01/08 v1.21 mathematical typesetting tools
(/home/casperversteeg/.miktex/texmfs/install/tex/latex/mathtools/mhsetup.sty
Package: mhsetup 2017/03/31 v1.3 programming setup (MH)
)
LaTeX Info: Thecontrolsequence`\('isalreadyrobust on input line 129.
LaTeX Info: Thecontrolsequence`\)'isalreadyrobust on input line 129.
LaTeX Info: Thecontrolsequence`\['isalreadyrobust on input line 129.
LaTeX Info: Thecontrolsequence`\]'isalreadyrobust on input line 129.
\g_MT_multlinerow_int=\count361
\l_MT_multwidth_dim=\dimen352
\origjot=\skip89
\l_MT_shortvdotswithinadjustabove_dim=\dimen353
\l_MT_shortvdotswithinadjustbelow_dim=\dimen354
\l_MT_above_intertext_sep=\dimen355
\l_MT_below_intertext_sep=\dimen356
\l_MT_above_shortintertext_sep=\dimen357
\l_MT_below_shortintertext_sep=\dimen358
) (/home/casperversteeg/.miktex/texmfs/install/tex/latex/float/float.sty
Package: float 2001/11/08 v1.3d Float enhancements (AL)
\c@float@type=\count362
\float@exts=\toks63
\float@box=\box114
\@float@everytoks=\toks64
\@floatcapt=\box115
)
(/home/casperversteeg/.miktex/texmfs/install/tex/latex/dblfloatfix/dblfloatfix.
sty
Package: dblfloatfix 2012/12/31 v1.0a (JAW)
(/home/casperversteeg/.miktex/texmfs/install/tex/latex/base/fixltx2e.sty
Package: fixltx2e 2016/12/29 v2.1a fixes to LaTeX (obsolete)
Applying: [2015/01/01] Old fixltx2e package on input line 46.

Package fixltx2e Warning: fixltx2e is not required with releases after 2015
(fixltx2e)                All fixes are now in the LaTeX kernel.
(fixltx2e)                See the latexrelease package for details.

Already applied: [0000/00/00] Old fixltx2e package on input line 53.
)
\@dblbotnum=\count363
\c@dblbotnumber=\count364
) (/home/casperversteeg/.miktex/texmfs/install/tex/latex/caption/caption.sty
Package: caption 2018/10/06 v3.3-154 Customizing captions (AR)
(/home/casperversteeg/.miktex/texmfs/install/tex/latex/caption/caption3.sty
Package: caption3 2018/09/12 v1.8c caption3 kernel (AR)
Package caption3 Info: TeX engine: e-TeX on input line 64.
\captionmargin=\dimen359
\captionmargin@=\dimen360
\captionwidth=\dimen361
\caption@tempdima=\dimen362
\caption@indent=\dimen363
\caption@parindent=\dimen364
\caption@hangindent=\dimen365
)
\c@caption@flags=\count365
\c@ContinuedFloat=\count366
Package caption Info: beamer document class.
Package caption Info: float package is loaded.
Package caption Info: hyperref package is loaded.
Package caption Info: Hyperref support is turned off
(caption)             because hyperref has stopped early.
Package caption Info: longtable package is loaded.
(/home/casperversteeg/.miktex/texmfs/install/tex/latex/caption/ltcaption.sty
Package: ltcaption 2018/08/26 v1.4-95 longtable captions (AR)
)) (/home/casperversteeg/.miktex/texmfs/install/tex/latex/caption/subcaption.st
y
Package: subcaption 2018/05/01 v1.1-162 Sub-captions (AR)
\c@subfigure=\count367
\c@subtable=\count368
)
(/home/casperversteeg/.miktex/texmfs/install/tex/latex/pgf/frontendlayer/tikz.s
ty (/home/casperversteeg/.miktex/texmfs/install/tex/latex/pgf/basiclayer/pgf.st
y
Package: pgf 2019/04/04 v3.1.2 (3.1.2)

(/home/casperversteeg/.miktex/texmfs/install/tex/generic/pgf/modules/pgfmodules
hapes.code.tex
File: pgfmoduleshapes.code.tex 2019/04/04 v3.1.2 (3.1.2)
\pgfnodeparttextbox=\box116
)
(/home/casperversteeg/.miktex/texmfs/install/tex/generic/pgf/modules/pgfmodulep
lot.code.tex
File: pgfmoduleplot.code.tex 2019/04/04 v3.1.2 (3.1.2)
)
(/home/casperversteeg/.miktex/texmfs/install/tex/latex/pgf/compatibility/pgfcom
p-version-0-65.sty
Package: pgfcomp-version-0-65 2019/04/04 v3.1.2 (3.1.2)
\pgf@nodesepstart=\dimen366
\pgf@nodesepend=\dimen367
)
(/home/casperversteeg/.miktex/texmfs/install/tex/latex/pgf/compatibility/pgfcom
p-version-1-18.sty
Package: pgfcomp-version-1-18 2019/04/04 v3.1.2 (3.1.2)
))
(/home/casperversteeg/.miktex/texmfs/install/tex/latex/pgf/utilities/pgffor.sty

(/home/casperversteeg/.miktex/texmfs/install/tex/latex/pgf/utilities/pgfkeys.st
y
(/home/casperversteeg/.miktex/texmfs/install/tex/generic/pgf/utilities/pgfkeys.
code.tex)) (/home/casperversteeg/.miktex/texmfs/install/tex/latex/pgf/math/pgfm
ath.sty
(/home/casperversteeg/.miktex/texmfs/install/tex/generic/pgf/math/pgfmath.code.
tex))
(/home/casperversteeg/.miktex/texmfs/install/tex/generic/pgf/utilities/pgffor.c
ode.tex
Package: pgffor 2019/04/04 v3.1.2 (3.1.2)

(/home/casperversteeg/.miktex/texmfs/install/tex/generic/pgf/math/pgfmath.code.
tex)
\pgffor@iter=\dimen368
\pgffor@skip=\dimen369
\pgffor@stack=\toks65
\pgffor@toks=\toks66
))
(/home/casperversteeg/.miktex/texmfs/install/tex/generic/pgf/frontendlayer/tikz
/tikz.code.tex
Package: tikz 2019/04/04 v3.1.2 (3.1.2)

(/home/casperversteeg/.miktex/texmfs/install/tex/generic/pgf/libraries/pgflibra
ryplothandlers.code.tex
File: pgflibraryplothandlers.code.tex 2019/04/04 v3.1.2 (3.1.2)
\pgf@plot@mark@count=\count369
\pgfplotmarksize=\dimen370
)
\tikz@lastx=\dimen371
\tikz@lasty=\dimen372
\tikz@lastxsaved=\dimen373
\tikz@lastysaved=\dimen374
\tikzleveldistance=\dimen375
\tikzsiblingdistance=\dimen376
\tikz@figbox=\box117
\tikz@figbox@bg=\box118
\tikz@tempbox=\box119
\tikz@tempbox@bg=\box120
\tikztreelevel=\count370
\tikznumberofchildren=\count371
\tikznumberofcurrentchild=\count372
\tikz@fig@count=\count373

(/home/casperversteeg/.miktex/texmfs/install/tex/generic/pgf/modules/pgfmodulem
atrix.code.tex
File: pgfmodulematrix.code.tex 2019/04/04 v3.1.2 (3.1.2)
\pgfmatrixcurrentrow=\count374
\pgfmatrixcurrentcolumn=\count375
\pgf@matrix@numberofcolumns=\count376
)
\tikz@expandcount=\count377

(/home/casperversteeg/.miktex/texmfs/install/tex/generic/pgf/frontendlayer/tikz
/libraries/tikzlibrarytopaths.code.tex
File: tikzlibrarytopaths.code.tex 2019/04/04 v3.1.2 (3.1.2)
)))
(/home/casperversteeg/.miktex/texmfs/install/tex/latex/schemabloc/schemabloc.st
y
Package: schemabloc 2006/12/29

(/home/casperversteeg/.miktex/texmfs/install/tex/generic/pgf/frontendlayer/tikz
/libraries/tikzlibraryshapes.code.tex
File: tikzlibraryshapes.code.tex 2019/04/04 v3.1.2 (3.1.2)

(/home/casperversteeg/.miktex/texmfs/install/tex/generic/pgf/frontendlayer/tikz
/libraries/tikzlibraryshapes.geometric.code.tex
File: tikzlibraryshapes.geometric.code.tex 2019/04/04 v3.1.2 (3.1.2)

(/home/casperversteeg/.miktex/texmfs/install/tex/generic/pgf/libraries/shapes/p
gflibraryshapes.geometric.code.tex
File: pgflibraryshapes.geometric.code.tex 2019/04/04 v3.1.2 (3.1.2)
))
(/home/casperversteeg/.miktex/texmfs/install/tex/generic/pgf/frontendlayer/tikz
/libraries/tikzlibraryshapes.misc.code.tex
File: tikzlibraryshapes.misc.code.tex 2019/04/04 v3.1.2 (3.1.2)

(/home/casperversteeg/.miktex/texmfs/install/tex/generic/pgf/libraries/shapes/p
gflibraryshapes.misc.code.tex
File: pgflibraryshapes.misc.code.tex 2019/04/04 v3.1.2 (3.1.2)
))
(/home/casperversteeg/.miktex/texmfs/install/tex/generic/pgf/frontendlayer/tikz
/libraries/tikzlibraryshapes.symbols.code.tex
File: tikzlibraryshapes.symbols.code.tex 2019/04/04 v3.1.2 (3.1.2)

(/home/casperversteeg/.miktex/texmfs/install/tex/generic/pgf/libraries/shapes/p
gflibraryshapes.symbols.code.tex
File: pgflibraryshapes.symbols.code.tex 2019/04/04 v3.1.2 (3.1.2)
))
(/home/casperversteeg/.miktex/texmfs/install/tex/generic/pgf/frontendlayer/tikz
/libraries/tikzlibraryshapes.arrows.code.tex
File: tikzlibraryshapes.arrows.code.tex 2019/04/04 v3.1.2 (3.1.2)

(/home/casperversteeg/.miktex/texmfs/install/tex/generic/pgf/libraries/shapes/p
gflibraryshapes.arrows.code.tex
File: pgflibraryshapes.arrows.code.tex 2019/04/04 v3.1.2 (3.1.2)
))
(/home/casperversteeg/.miktex/texmfs/install/tex/generic/pgf/frontendlayer/tikz
/libraries/tikzlibraryshapes.callouts.code.tex
(/home/casperversteeg/.miktex/texmfs/install/tex/generic/pgf/libraries/shapes/p
gflibraryshapes.callouts.code.tex))
(/home/casperversteeg/.miktex/texmfs/install/tex/generic/pgf/frontendlayer/tikz
/libraries/tikzlibraryshapes.multipart.code.tex
File: tikzlibraryshapes.multipart.code.tex 2019/04/04 v3.1.2 (3.1.2)

(/home/casperversteeg/.miktex/texmfs/install/tex/generic/pgf/libraries/shapes/p
gflibraryshapes.multipart.code.tex
File: pgflibraryshapes.multipart.code.tex 2019/04/04 v3.1.2 (3.1.2)
\pgfnodepartlowerbox=\box121
\pgfnodeparttwobox=\box122
\pgfnodepartthreebox=\box123
\pgfnodepartfourbox=\box124
\pgfnodeparttwentybox=\box125
\pgfnodepartnineteenbox=\box126
\pgfnodeparteighteenbox=\box127
\pgfnodepartseventeenbox=\box128
\pgfnodepartsixteenbox=\box129
\pgfnodepartfifteenbox=\box130
\pgfnodepartfourteenbox=\box131
\pgfnodepartthirteenbox=\box132
\pgfnodeparttwelvebox=\box133
\pgfnodepartelevenbox=\box134
\pgfnodeparttenbox=\box135
\pgfnodepartninebox=\box136
\pgfnodeparteightbox=\box137
\pgfnodepartsevenbox=\box138
\pgfnodepartsixbox=\box139
\pgfnodepartfivebox=\box140
)))
(/home/casperversteeg/.miktex/texmfs/install/tex/generic/pgf/frontendlayer/tikz
/libraries/tikzlibraryarrows.code.tex
File: tikzlibraryarrows.code.tex 2019/04/04 v3.1.2 (3.1.2)

(/home/casperversteeg/.miktex/texmfs/install/tex/generic/pgf/libraries/pgflibra
ryarrows.code.tex
File: pgflibraryarrows.code.tex 2019/04/04 v3.1.2 (3.1.2)
\arrowsize=\dimen377
))) (/home/casperversteeg/.miktex/texmfs/install/tex/latex/stanli/stanli.sty
Package: stanli 
(/home/casperversteeg/.miktex/texmfs/install/tex/latex/xargs/xargs.sty
Package: xargs 2008/03/22 v1.1  extended macro definitions  (mpg)
\xargs@max=\count378
\xargs@toksa=\toks67
\xargs@toksb=\toks68
)
(/home/casperversteeg/.miktex/texmfs/install/tex/generic/pgf/frontendlayer/tikz
/libraries/tikzlibrarypositioning.code.tex
File: tikzlibrarypositioning.code.tex 2019/04/04 v3.1.2 (3.1.2)
)
(/home/casperversteeg/.miktex/texmfs/install/tex/generic/pgf/frontendlayer/tikz
/libraries/tikzlibraryautomata.code.tex
File: tikzlibraryautomata.code.tex 2019/04/04 v3.1.2 (3.1.2)
)
(/home/casperversteeg/.miktex/texmfs/install/tex/generic/pgf/frontendlayer/tikz
/libraries/tikzlibrarycalc.code.tex
File: tikzlibrarycalc.code.tex 2019/04/04 v3.1.2 (3.1.2)
)
(/home/casperversteeg/.miktex/texmfs/install/tex/generic/pgf/frontendlayer/tikz
/libraries/tikzlibrary3d.code.tex
File: tikzlibrary3d.code.tex 2019/04/04 v3.1.2 (3.1.2)
)
(/home/casperversteeg/.miktex/texmfs/install/tex/generic/pgf/frontendlayer/tikz
/libraries/tikzlibrarydecorations.pathreplacing.code.tex
(/home/casperversteeg/.miktex/texmfs/install/tex/generic/pgf/frontendlayer/tikz
/libraries/tikzlibrarydecorations.code.tex
(/home/casperversteeg/.miktex/texmfs/install/tex/generic/pgf/modules/pgfmoduled
ecorations.code.tex
\pgfdecoratedcompleteddistance=\dimen378
\pgfdecoratedremainingdistance=\dimen379
\pgfdecoratedinputsegmentcompleteddistance=\dimen380
\pgfdecoratedinputsegmentremainingdistance=\dimen381
\pgf@decorate@distancetomove=\dimen382
\pgf@decorate@repeatstate=\count379
\pgfdecorationsegmentamplitude=\dimen383
\pgfdecorationsegmentlength=\dimen384
)
\tikz@lib@dec@box=\box141
)
(/home/casperversteeg/.miktex/texmfs/install/tex/generic/pgf/libraries/decorati
ons/pgflibrarydecorations.pathreplacing.code.tex))
(/home/casperversteeg/.miktex/texmfs/install/tex/generic/pgf/frontendlayer/tikz
/libraries/tikzlibrarydecorations.pathmorphing.code.tex
(/home/casperversteeg/.miktex/texmfs/install/tex/generic/pgf/libraries/decorati
ons/pgflibrarydecorations.pathmorphing.code.tex))
(/home/casperversteeg/.miktex/texmfs/install/tex/generic/pgf/frontendlayer/tikz
/libraries/tikzlibrarypatterns.code.tex
File: tikzlibrarypatterns.code.tex 2019/04/04 v3.1.2 (3.1.2)

(/home/casperversteeg/.miktex/texmfs/install/tex/generic/pgf/libraries/pgflibra
rypatterns.code.tex
File: pgflibrarypatterns.code.tex 2019/04/04 v3.1.2 (3.1.2)
)))
(/home/casperversteeg/OneDrive/Duke/latex-project-template/./packages/tikz-uml.
sty
Package: tikz-uml 2011/01/26
(/home/casperversteeg/.miktex/texmfs/install/tex/latex/xstring/xstring.sty (/ho
me/casperversteeg/.miktex/texmfs/install/tex/generic/xstring/xstring.tex
\integerpart=\count380
\decimalpart=\count381
)
Package: xstring 2019/02/06 v1.83 String manipulations (CT)
) (/home/casperversteeg/.miktex/texmfs/install/tex/latex/pgfopts/pgfopts.sty
Package: pgfopts 2014/07/10 v2.1a LaTeX package options with pgfkeys
\pgfopts@list@add@a@toks=\toks69
\pgfopts@list@add@b@toks=\toks70
)
(/home/casperversteeg/.miktex/texmfs/install/tex/generic/pgf/frontendlayer/tikz
/libraries/tikzlibrarybackgrounds.code.tex
File: tikzlibrarybackgrounds.code.tex 2019/04/04 v3.1.2 (3.1.2)
\pgf@layerbox@background=\box142
\pgf@layerboxsaved@background=\box143
)
(/home/casperversteeg/.miktex/texmfs/install/tex/generic/pgf/frontendlayer/tikz
/libraries/tikzlibraryfit.code.tex
File: tikzlibraryfit.code.tex 2019/04/04 v3.1.2 (3.1.2)
)
(/home/casperversteeg/.miktex/texmfs/install/tex/generic/pgf/frontendlayer/tikz
/libraries/tikzlibraryshadows.code.tex
File: tikzlibraryshadows.code.tex 2019/04/04 v3.1.2 (3.1.2)

(/home/casperversteeg/.miktex/texmfs/install/tex/generic/pgf/frontendlayer/tikz
/libraries/tikzlibraryfadings.code.tex
File: tikzlibraryfadings.code.tex 2019/04/04 v3.1.2 (3.1.2)

(/home/casperversteeg/.miktex/texmfs/install/tex/generic/pgf/libraries/pgflibra
ryfadings.code.tex
File: pgflibraryfadings.code.tex 2019/04/04 v3.1.2 (3.1.2)
)))
(/home/casperversteeg/.miktex/texmfs/install/tex/generic/pgf/frontendlayer/tikz
/libraries/tikzlibrarydecorations.markings.code.tex
(/home/casperversteeg/.miktex/texmfs/install/tex/generic/pgf/libraries/decorati
ons/pgflibrarydecorations.markings.code.tex))
\c@tikzumlPackageLayers=\count382
\pgf@layerbox@package0=\box144
\pgf@layerboxsaved@package0=\box145
\pgf@layerbox@package1=\box146
\pgf@layerboxsaved@package1=\box147
\pgf@layerbox@package2=\box148
\pgf@layerboxsaved@package2=\box149
\pgf@layerbox@package3=\box150
\pgf@layerboxsaved@package3=\box151
\c@tikzumlFragmentLayers=\count383
\pgf@layerbox@fragment0=\box152
\pgf@layerboxsaved@fragment0=\box153
\pgf@layerbox@fragment1=\box154
\pgf@layerboxsaved@fragment1=\box155
\pgf@layerbox@fragment2=\box156
\pgf@layerboxsaved@fragment2=\box157
\pgf@layerbox@fragment3=\box158
\pgf@layerboxsaved@fragment3=\box159
\c@tikzumlStateLayers=\count384
\pgf@layerbox@state0=\box160
\pgf@layerboxsaved@state0=\box161
\pgf@layerbox@state1=\box162
\pgf@layerboxsaved@state1=\box163
\pgf@layerbox@state2=\box164
\pgf@layerboxsaved@state2=\box165
\pgf@layerbox@state3=\box166
\pgf@layerboxsaved@state3=\box167
\c@tikzumlComponentLayers=\count385
\pgf@layerbox@component0=\box168
\pgf@layerboxsaved@component0=\box169
\pgf@layerbox@component1=\box170
\pgf@layerboxsaved@component1=\box171
\pgf@layerbox@component2=\box172
\pgf@layerboxsaved@component2=\box173
\pgf@layerbox@component3=\box174
\pgf@layerboxsaved@component3=\box175
\pgf@layerbox@lifelines=\box176
\pgf@layerboxsaved@lifelines=\box177
\pgf@layerbox@activity=\box178
\pgf@layerboxsaved@activity=\box179
\pgf@layerbox@connections=\box180
\pgf@layerboxsaved@connections=\box181
\c@tikzumlPackageClassNum=\count386
\c@tikzumlPackageSubPackageNum=\count387
\c@tikzumlRelationNum=\count388
\c@tikzumlNoteNum=\count389
\c@pos=\count390
\c@posT=\count391
\c@posStereo=\count392
\c@tikzumlPackageLevel=\count393
\tikzumlNestingSymbolSize=\dimen385
\c@tikzumlSystemUseCaseNum=\count394
\c@tikzumlSystemLevel=\count395
\c@tikzumlUseCaseNum=\count396
\c@tikzumlActorNum=\count397
\c@tikzumlStateJoinNum=\count398
\c@tikzumlStateDecisionNum=\count399
\c@tikzumlStateInitialNum=\count400
\c@tikzumlStateFinalNum=\count401
\c@tikzumlStateEnterNum=\count402
\c@tikzumlStateExitNum=\count403
\c@tikzumlStateEndNum=\count404
\c@tikzumlStateHistoryNum=\count405
\c@tikzumlStateDeepHistoryNum=\count406
\c@tikzumlStateLevel=\count407
\c@tikzumlStateSubStateNum=\count408
\c@tikzumlStateText=\count409
\c@tikzumlObjectNum=\count410
\c@tikzumlCallLevel=\count411
\c@tikzumlCallNum=\count412
\c@tikzumlFragmentLevel=\count413
\c@tikzumlFragmentLevelNum=\count414
\c@tikzumlFragmentNum=\count415
\c@tikzumlFragmentPartNum=\count416
\c@tikzumlCallStartFragmentNum=\count417
\c@tikzumlCallEndFragmentNum=\count418
\c@tikzumlSDNodeNum=\count419
\tikzumlCall@xa=\skip90
\tikzumlCall@xb=\skip91
\c@tikzumlComponentLevel=\count420
\c@tikzumlComponentSubComponentNum=\count421
\c@tikzumlConnectorNum=\count422
\tikzuml@AC@xa=\skip92
\tikzuml@AC@ya=\skip93
\tikzuml@AC@xb=\skip94
\tikzuml@AC@yb=\skip95
\tikzuml@AC@xi=\skip96
\tikzuml@AC@yi=\skip97
\tikzuml@AC@xic=\skip98
\tikzuml@AC@yic=\skip99
\tikzuml@AC@xio=\skip100
\tikzuml@AC@yio=\skip101
\tikzuml@AC@AB=\skip102
\tikzuml@AC@lambda=\skip103
\tikzuml@AC@xtrc=\skip104
\tikzuml@AC@ytrc=\skip105
\tikzuml@AC@xtlc=\skip106
\tikzuml@AC@ytlc=\skip107
\tikzuml@AC@xblc=\skip108
\tikzuml@AC@yblc=\skip109
\tikzuml@AC@xbrc=\skip110
\tikzuml@AC@ybrc=\skip111
\tikzuml@AC@middleArm=\skip112
) (/home/casperversteeg/.miktex/texmfs/install/tex/generic/babel/babel.sty
Package: babel 2019/04/03 3.29 The Babel package
(/home/casperversteeg/.miktex/texmfs/install/tex/generic/babel/switch.def
File: switch.def 2019/04/03 3.29 Babel switching mechanism
)
*************************************
* Local config file bblopts.cfg used
*
(/home/casperversteeg/.miktex/texmfs/install/tex/latex/arabi/bblopts.cfg
File: bblopts.cfg 2005/09/08 v0.1 add Arabic and Farsi to "declared" options of
 babel
)
(/home/casperversteeg/.miktex/texmfs/install/tex/latex/babel-english/english.ld
f
Language: english 2017/06/06 v3.3r English support from the babel system
(/home/casperversteeg/.miktex/texmfs/install/tex/generic/babel/babel.def
File: babel.def 2019/04/03 3.29 Babel common definitions
\babel@savecnt=\count423
\U@D=\dimen386
(/home/casperversteeg/.miktex/texmfs/install/tex/generic/babel/txtbabel.def)
LaTeX Info: Redefining \textlatin on input line 2011.
\bbl@dirlevel=\count424
)
\l@british = a dialect from \language\l@english 
\l@UKenglish = a dialect from \language\l@english 
\l@american = a dialect from \language\l@english 
\l@canadian = a dialect from \language\l@american 
\l@australian = a dialect from \language\l@british 
\l@newzealand = a dialect from \language\l@british 
)) (/home/casperversteeg/.miktex/texmfs/install/tex/latex/csquotes/csquotes.sty
Package: csquotes 2019/05/10 v5.2e context-sensitive quotations (JAW)
\csq@reset=\count425
\csq@gtype=\count426
\csq@glevel=\count427
\csq@qlevel=\count428
\csq@maxlvl=\count429
\csq@tshold=\count430
\csq@ltx@everypar=\toks71
(/home/casperversteeg/.miktex/texmfs/install/tex/latex/csquotes/csquotes.def
File: csquotes.def 2019/05/10 v5.2e csquotes generic definitions (JAW)
)
Package csquotes Info: Trying to load configuration file 'csquotes.cfg'...
Package csquotes Info: ... configuration file loaded successfully.
(/home/casperversteeg/.miktex/texmfs/install/tex/latex/csquotes/csquotes.cfg
File: csquotes.cfg 
)) (/home/casperversteeg/.miktex/texmfs/install/tex/latex/xpatch/xpatch.sty
Package: xpatch 2012/10/02 v0.3 Extending etoolbox patching commands
) (/home/casperversteeg/.miktex/texmfs/install/tex/latex/biblatex/biblatex.sty
Package: biblatex 2018/11/02 v3.12 programmable bibliographies (PK/MW)
(/home/casperversteeg/.miktex/texmfs/install/tex/latex/logreq/logreq.sty
Package: logreq 2010/08/04 v1.0 xml request logger
\lrq@indent=\count431
(/home/casperversteeg/.miktex/texmfs/install/tex/latex/logreq/logreq.def
File: logreq.def 2010/08/04 v1.0 logreq spec v1.0
))
\c@tabx@nest=\count432
\c@listtotal=\count433
\c@listcount=\count434
\c@liststart=\count435
\c@liststop=\count436
\c@citecount=\count437
\c@citetotal=\count438
\c@multicitecount=\count439
\c@multicitetotal=\count440
\c@instcount=\count441
\c@maxnames=\count442
\c@minnames=\count443
\c@maxitems=\count444
\c@minitems=\count445
\c@citecounter=\count446
\c@maxcitecounter=\count447
\c@savedcitecounter=\count448
\c@uniquelist=\count449
\c@uniquename=\count450
\c@refsection=\count451
\c@refsegment=\count452
\c@maxextratitle=\count453
\c@maxextratitleyear=\count454
\c@maxextraname=\count455
\c@maxextradate=\count456
\c@maxextraalpha=\count457
\c@abbrvpenalty=\count458
\c@highnamepenalty=\count459
\c@lownamepenalty=\count460
\c@maxparens=\count461
\c@parenlevel=\count462
\blx@tempcnta=\count463
\blx@tempcntb=\count464
\blx@tempcntc=\count465
\blx@maxsection=\count466
\blx@maxsegment@0=\count467
\blx@notetype=\count468
\blx@parenlevel@text=\count469
\blx@parenlevel@foot=\count470
\blx@sectionciteorder@0=\count471
\blx@entrysetcounter=\count472
\labelnumberwidth=\skip113
\labelalphawidth=\skip114
\biblabelsep=\skip115
\bibitemsep=\skip116
\bibnamesep=\skip117
\bibinitsep=\skip118
\bibparsep=\skip119
\bibhang=\skip120
\blx@bcfin=\read4
\blx@bcfout=\write7
\c@mincomprange=\count473
\c@maxcomprange=\count474
\c@mincompwidth=\count475
Package biblatex Info: Trying to load biblatex default data model...
Package biblatex Info: ... file 'blx-dm.def' found.
(/home/casperversteeg/.miktex/texmfs/install/tex/latex/biblatex/blx-dm.def
File: blx-dm.def 2018/11/02 v3.12 biblatex localization (PK/MW)
)
Package biblatex Info: Trying to load biblatex style data model...
Package biblatex Info: ... file 'numeric.dbx' not found.
Package biblatex Info: Trying to load biblatex custom data model...
Package biblatex Info: ... file 'biblatex-dm.cfg' not found.
\c@afterword=\count476
\c@savedafterword=\count477
\c@annotator=\count478
\c@savedannotator=\count479
\c@author=\count480
\c@savedauthor=\count481
\c@bookauthor=\count482
\c@savedbookauthor=\count483
\c@commentator=\count484
\c@savedcommentator=\count485
\c@editor=\count486
\c@savededitor=\count487
\c@editora=\count488
\c@savededitora=\count489
\c@editorb=\count490
\c@savededitorb=\count491
\c@editorc=\count492
\c@savededitorc=\count493
\c@foreword=\count494
\c@savedforeword=\count495
\c@holder=\count496
\c@savedholder=\count497
\c@introduction=\count498
\c@savedintroduction=\count499
\c@namea=\count500
\c@savednamea=\count501
\c@nameb=\count502
\c@savednameb=\count503
\c@namec=\count504
\c@savednamec=\count505
\c@translator=\count506
\c@savedtranslator=\count507
\c@shortauthor=\count508
\c@savedshortauthor=\count509
\c@shorteditor=\count510
\c@savedshorteditor=\count511
\c@labelname=\count512
\c@savedlabelname=\count513
\c@institution=\count514
\c@savedinstitution=\count515
\c@lista=\count516
\c@savedlista=\count517
\c@listb=\count518
\c@savedlistb=\count519
\c@listc=\count520
\c@savedlistc=\count521
\c@listd=\count522
\c@savedlistd=\count523
\c@liste=\count524
\c@savedliste=\count525
\c@listf=\count526
\c@savedlistf=\count527
\c@location=\count528
\c@savedlocation=\count529
\c@organization=\count530
\c@savedorganization=\count531
\c@origlocation=\count532
\c@savedoriglocation=\count533
\c@origpublisher=\count534
\c@savedorigpublisher=\count535
\c@publisher=\count536
\c@savedpublisher=\count537
\c@language=\count538
\c@savedlanguage=\count539
\c@origlanguage=\count540
\c@savedoriglanguage=\count541
\c@pageref=\count542
\c@savedpageref=\count543
\shorthandwidth=\skip121
\shortjournalwidth=\skip122
\shortserieswidth=\skip123
\shorttitlewidth=\skip124
\shortauthorwidth=\skip125
\shorteditorwidth=\skip126
\locallabelnumberwidth=\skip127
\locallabelalphawidth=\skip128
\localshorthandwidth=\skip129
\localshortjournalwidth=\skip130
\localshortserieswidth=\skip131
\localshorttitlewidth=\skip132
\localshortauthorwidth=\skip133
\localshorteditorwidth=\skip134
Package biblatex Info: Trying to load compatibility code...
Package biblatex Info: ... file 'blx-compat.def' found.
(/home/casperversteeg/.miktex/texmfs/install/tex/latex/biblatex/blx-compat.def
File: blx-compat.def 2018/11/02 v3.12 biblatex compatibility (PK/MW)
)
Package biblatex Info: Trying to load generic definitions...
Package biblatex Info: ... file 'biblatex.def' found.
(/home/casperversteeg/.miktex/texmfs/install/tex/latex/biblatex/biblatex.def
File: biblatex.def 2018/11/02 v3.12 biblatex compatibility (PK/MW)
\c@textcitecount=\count544
\c@textcitetotal=\count545
\c@textcitemaxnames=\count546
\c@biburlnumpenalty=\count547
\c@biburlucpenalty=\count548
\c@biburllcpenalty=\count549
\c@smartand=\count550
)
Package biblatex Info: Trying to load bibliography style 'numeric'...
Package biblatex Info: ... file 'numeric.bbx' found.

(/home/casperversteeg/.miktex/texmfs/install/tex/latex/biblatex/bbx/numeric.bbx
File: numeric.bbx 2018/11/02 v3.12 biblatex bibliography style (PK/MW)
Package biblatex Info: Trying to load bibliography style 'standard'...
Package biblatex Info: ... file 'standard.bbx' found.

(/home/casperversteeg/.miktex/texmfs/install/tex/latex/biblatex/bbx/standard.bb
x
File: standard.bbx 2018/11/02 v3.12 biblatex bibliography style (PK/MW)
\c@bbx:relatedcount=\count551
\c@bbx:relatedtotal=\count552
))
Package biblatex Info: Trying to load citation style 'numeric'...
Package biblatex Info: ... file 'numeric.cbx' found.

(/home/casperversteeg/.miktex/texmfs/install/tex/latex/biblatex/cbx/numeric.cbx
File: numeric.cbx 2018/11/02 v3.12 biblatex citation style (PK/MW)
Package biblatex Info: Redefining '\cite'.
Package biblatex Info: Redefining '\parencite'.
Package biblatex Info: Redefining '\footcite'.
Package biblatex Info: Redefining '\footcitetext'.
Package biblatex Info: Redefining '\smartcite'.
Package biblatex Info: Redefining '\supercite'.
Package biblatex Info: Redefining '\textcite'.
Package biblatex Info: Redefining '\textcites'.
Package biblatex Info: Redefining '\cites'.
Package biblatex Info: Redefining '\parencites'.
Package biblatex Info: Redefining '\smartcites'.
)
Package biblatex Info: Trying to load configuration file...
Package biblatex Info: ... file 'biblatex.cfg' found.
(/home/casperversteeg/.miktex/texmfs/install/tex/latex/biblatex/biblatex.cfg
File: biblatex.cfg 
))
(/home/casperversteeg/OneDrive/Duke/latex-project-template/./packages/minted.st
y
Package: minted 2017/09/03 v2.5.1dev Yet another Pygments shim for LaTeX
(/home/casperversteeg/.miktex/texmfs/install/tex/latex/fvextra/fvextra.sty
Package: fvextra 2019/02/04 v1.4 fvextra - extensions and patches for fancyvrb
(/home/casperversteeg/.miktex/texmfs/install/tex/latex/fancyvrb/fancyvrb.sty
Package: fancyvrb 2019/01/15
Style option: `fancyvrb' v3.2a <2019/01/15> (tvz)
\FV@CodeLineNo=\count553
\FV@InFile=\read5
\FV@TabBox=\box182
\c@FancyVerbLine=\count554
\FV@StepNumber=\count555
\FV@OutFile=\write8
) (/home/casperversteeg/.miktex/texmfs/install/tex/latex/upquote/upquote.sty
Package: upquote 2012/04/19 v1.3 upright-quote and grave-accent glyphs in verba
tim
) (/home/casperversteeg/.miktex/texmfs/install/tex/latex/lineno/lineno.sty
Package: lineno 2005/11/02 line numbers on paragraphs v4.41
\linenopenalty=\count556
\output=\toks72
\linenoprevgraf=\count557
\linenumbersep=\dimen387
\linenumberwidth=\dimen388
\c@linenumber=\count558
\c@pagewiselinenumber=\count559
\c@LN@truepage=\count560
\c@internallinenumber=\count561
\c@internallinenumbers=\count562
\quotelinenumbersep=\dimen389
\bframerule=\dimen390
\bframesep=\dimen391
\bframebox=\box183

LaTeX Warning: Command \@parboxrestore  has changed.
               Check if current package is valid.

LaTeX Info: Redefining \\ on input line 3056.
)

Package fvextra Warning: csquotes should be loaded after fvextra, to avoid a wa
rning from the lineno package on input line 37.

\c@FV@TrueTabGroupLevel=\count563
\c@FV@TrueTabCounter=\count564
\FV@TabBox@Group=\box184
\FV@TmpLength=\skip135
\c@FV@HighlightLinesStart=\count565
\c@FV@HighlightLinesStop=\count566
\FV@LoopCount=\count567
\FV@NCharsBox=\box185
\FV@BreakIndent=\dimen392
\FV@BreakIndentNChars=\count568
\FV@BreakSymbolSepLeft=\dimen393
\FV@BreakSymbolSepLeftNChars=\count569
\FV@BreakSymbolSepRight=\dimen394
\FV@BreakSymbolSepRightNChars=\count570
\FV@BreakSymbolIndentLeft=\dimen395
\FV@BreakSymbolIndentLeftNChars=\count571
\FV@BreakSymbolIndentRight=\dimen396
\FV@BreakSymbolIndentRightNChars=\count572
\c@FancyVerbLineBreakLast=\count573
\FV@LineBox=\box186
\FV@LineIndentBox=\box187
\FV@LineWidth=\dimen397
)
(/home/casperversteeg/.miktex/texmfs/install/tex/latex/ifplatform/ifplatform.st
y
Package: ifplatform 2017/10/13 v0.4a Testing for the operating system

(/home/casperversteeg/.miktex/texmfs/install/tex/generic/oberdiek/catchfile.sty
Package: catchfile 2016/05/16 v1.7 Catch the contents of a file (HO)
)
runsystem(uname -s > "main.w18")...executed.

(main.w18)
runsystem(rm -- "main.w18")...executed.

) (/home/casperversteeg/.miktex/texmfs/install/tex/latex/framed/framed.sty
Package: framed 2011/10/22 v 0.96: framed or shaded text with page breaks
\OuterFrameSep=\skip136
\fb@frw=\dimen398
\fb@frh=\dimen399
\FrameRule=\dimen400
\FrameSep=\dimen401
)
\minted@appexistsfile=\read6
\minted@bgbox=\box188
\minted@code=\write9
\c@minted@FancyVerbLineTemp=\count574
\c@minted@pygmentizecounter=\count575
\@float@every@listing=\toks73
\c@listing=\count576
)
runsystem(mkdir -p build/_minted-main)...executed.

(/home/casperversteeg/.miktex/texmfs/install/tex/latex/quoting/quoting.sty
Package: quoting 2014/01/28 v0.1c Consolidated environment for displayed text
\quo@toppartop=\skip137
)
(/home/casperversteeg/.miktex/texmfs/install/tex/generic/pgf/frontendlayer/tikz
/libraries/circuits/tikzlibrarycircuits.code.tex
\tikz@lib@circ@count=\count577
\tikzcircuitssizeunit=\dimen402
)
(/home/casperversteeg/.miktex/texmfs/install/tex/generic/pgf/libraries/pgflibra
ryarrows.meta.code.tex
File: pgflibraryarrows.meta.code.tex 2019/04/04 v3.1.2 (3.1.2)
\pgfarrowinset=\dimen403
\pgfarrowlength=\dimen404
\pgfarrowwidth=\dimen405
\pgfarrowlinewidth=\dimen406
)
(/home/casperversteeg/.miktex/texmfs/install/tex/generic/pgf/frontendlayer/tikz
/libraries/tikzlibrarymatrix.code.tex
File: tikzlibrarymatrix.code.tex 2019/04/04 v3.1.2 (3.1.2)
)
(/home/casperversteeg/.miktex/texmfs/install/tex/generic/pgf/frontendlayer/tikz
/libraries/tikzlibraryshadings.code.tex
File: tikzlibraryshadings.code.tex 2019/04/04 v3.1.2 (3.1.2)

(/home/casperversteeg/.miktex/texmfs/install/tex/generic/pgf/libraries/pgflibra
ryshadings.code.tex
File: pgflibraryshadings.code.tex 2019/04/04 v3.1.2 (3.1.2)
)))
(/home/casperversteeg/.miktex/texmfs/install/tex/latex/beamer/beamerthemeAntibe
s.sty
(/home/casperversteeg/.miktex/texmfs/install/tex/latex/beamer/beamerouterthemet
ree.sty)
(/home/casperversteeg/.miktex/texmfs/install/tex/latex/beamer/beamercolorthemew
hale.sty)
(/home/casperversteeg/.miktex/texmfs/install/tex/latex/beamer/beamercolorthemeo
rchid.sty)
(/home/casperversteeg/.miktex/texmfs/install/tex/latex/beamer/beamerinnerthemer
ectangles.sty))
(/home/casperversteeg/.miktex/texmfs/install/tex/latex/beamer/beamerfontthemese
rif.sty))
Package csquotes Info: Checking for multilingual support...
Package csquotes Info: ... found 'babel' package.
Package csquotes Info: Adjusting default style.
Package csquotes Info: Redefining alias 'default' -> 'english'.
Package biblatex Info: Trying to load language 'english'...
Package biblatex Info: ... file 'english.lbx' found.

(/home/casperversteeg/.miktex/texmfs/install/tex/latex/biblatex/lbx/english.lbx
File: english.lbx 2018/11/02 v3.12 biblatex localization (PK/MW)
)
runsystem(which pygmentize && touch main.aex)...executed.

runsystem(rm main.aex)...executed.

(/home/casperversteeg/OneDrive/Duke/latex-project-template/build/main.aux)
\openout1 = `main.aux'.

LaTeX Font Info:    Checking defaults for OML/cmm/m/it on input line 13.
LaTeX Font Info:    ... okay on input line 13.
LaTeX Font Info:    Checking defaults for T1/cmr/m/n on input line 13.
LaTeX Font Info:    ... okay on input line 13.
LaTeX Font Info:    Checking defaults for OT1/cmr/m/n on input line 13.
LaTeX Font Info:    ... okay on input line 13.
LaTeX Font Info:    Checking defaults for OMS/cmsy/m/n on input line 13.
LaTeX Font Info:    ... okay on input line 13.
LaTeX Font Info:    Checking defaults for OMX/cmex/m/n on input line 13.
LaTeX Font Info:    ... okay on input line 13.
LaTeX Font Info:    Checking defaults for U/cmr/m/n on input line 13.
LaTeX Font Info:    ... okay on input line 13.
LaTeX Font Info:    Checking defaults for PD1/pdf/m/n on input line 13.
LaTeX Font Info:    ... okay on input line 13.
*geometry* driver: auto-detecting
*geometry* detected driver: pdftex
*geometry* verbose mode - [ preamble ] result:
* driver: pdftex
* paper: custom
* layout: <same size as paper>
* layoutoffset:(h,v)=(0.0pt,0.0pt)
* modes: includehead includefoot 
* h-part:(L,W,R)=(28.45274pt, 398.3386pt, 28.45274pt)
* v-part:(T,H,B)=(0.0pt, 256.0748pt, 0.0pt)
* \paperwidth=455.24408pt
* \paperheight=256.0748pt
* \textwidth=398.3386pt
* \textheight=227.62207pt
* \oddsidemargin=-43.81725pt
* \evensidemargin=-43.81725pt
* \topmargin=-72.26999pt
* \headheight=14.22636pt
* \headsep=0.0pt
* \topskip=10.0pt
* \footskip=14.22636pt
* \marginparwidth=3.0pt
* \marginparsep=11.0pt
* \columnsep=28.45274pt
* \skip\footins=9.0pt plus 4.0pt minus 2.0pt
* \hoffset=0.0pt
* \voffset=0.0pt
* \mag=1000
* \@twocolumnfalse
* \@twosidefalse
* \@mparswitchfalse
* \@reversemarginfalse
* (1in=72.27pt=25.4mm, 1cm=28.453pt)


(/home/casperversteeg/.miktex/texmfs/install/tex/context/base/mkii/supp-pdf.mki
i
[Loading MPS to PDF converter (version 2006.09.02).]
\scratchcounter=\count578
\scratchdimen=\dimen407
\scratchbox=\box189
\nofMPsegments=\count579
\nofMParguments=\count580
\everyMPshowfont=\toks74
\MPscratchCnt=\count581
\MPscratchDim=\dimen408
\MPnumerator=\count582
\makeMPintoPDFobject=\count583
\everyMPtoPDFconversion=\toks75
)
(/home/casperversteeg/.miktex/texmfs/install/tex/latex/oberdiek/epstopdf-base.s
ty
Package: epstopdf-base 2016/05/15 v2.6 Base part for package epstopdf
(/home/casperversteeg/.miktex/texmfs/install/tex/latex/oberdiek/grfext.sty
Package: grfext 2016/05/16 v1.2 Manage graphics extensions (HO)
)
Package epstopdf-base Info: Redefining graphics rule for `.eps' on input line 4
38.
Package grfext Info: Graphics extension search list:
(grfext)             [.pdf,.png,.jpg,.mps,.jpeg,.jbig2,.jb2,.PDF,.PNG,.JPG,.JPE
G,.JBIG2,.JB2,.eps]
(grfext)             \AppendGraphicsExtensions on input line 456.
) ABD: EveryShipout initializing macros
\AtBeginShipoutBox=\box190
Package hyperref Info: Link coloring OFF on input line 13.
(/home/casperversteeg/.miktex/texmfs/install/tex/latex/hyperref/nameref.sty
Package: nameref 2016/05/21 v2.44 Cross-referencing by name of section

(/home/casperversteeg/.miktex/texmfs/install/tex/generic/oberdiek/gettitlestrin
g.sty
Package: gettitlestring 2016/05/16 v1.5 Cleanup title references (HO)
)
\c@section@level=\count584
)
LaTeX Info: Redefining \ref on input line 13.
LaTeX Info: Redefining \pageref on input line 13.
LaTeX Info: Redefining \nameref on input line 13.
(/home/casperversteeg/OneDrive/Duke/latex-project-template/build/main.out) (/ho
me/casperversteeg/OneDrive/Duke/latex-project-template/build/main.out)
\@outlinefile=\write10
\openout10 = `main.out'.


(/home/casperversteeg/.miktex/texmfs/install/tex/latex/translator/translator-ba
sic-dictionary-English.dict
Dictionary: translator-basic-dictionary, Language: English 
)
(/home/casperversteeg/.miktex/texmfs/install/tex/latex/translator/translator-bi
bliography-dictionary-English.dict
Dictionary: translator-bibliography-dictionary, Language: English 
)
(/home/casperversteeg/.miktex/texmfs/install/tex/latex/translator/translator-en
vironment-dictionary-English.dict
Dictionary: translator-environment-dictionary, Language: English 
)
(/home/casperversteeg/.miktex/texmfs/install/tex/latex/translator/translator-mo
nths-dictionary-English.dict
Dictionary: translator-months-dictionary, Language: English 
)
(/home/casperversteeg/.miktex/texmfs/install/tex/latex/translator/translator-nu
mbers-dictionary-English.dict
Dictionary: translator-numbers-dictionary, Language: English 
)
(/home/casperversteeg/.miktex/texmfs/install/tex/latex/translator/translator-th
eorem-dictionary-English.dict
Dictionary: translator-theorem-dictionary, Language: English 
)
LaTeX Info: Redefining \microtypecontext on input line 13.
Package microtype Info: Generating PDF output.
Package microtype Info: Character protrusion enabled (level 2).
Package microtype Info: Using default protrusion set `alltext'.
Package microtype Info: Automatic font expansion enabled (level 2),
(microtype)             stretch: 20, shrink: 20, step: 1, non-selected.
Package microtype Info: Using default expansion set `basictext'.
Package microtype Info: No adjustment of tracking.
Package microtype Info: No adjustment of interword spacing.
Package microtype Info: No adjustment of character kerning.
(/home/casperversteeg/.miktex/texmfs/install/tex/latex/microtype/mt-cmr.cfg
File: mt-cmr.cfg 2013/05/19 v2.2 microtype config. file: Computer Modern Roman 
(RS)
) (/home/casperversteeg/OneDrive/Duke/latex-project-template/build/main.sta)
\openout6 = `main.sta'.

Package caption Info: Begin \AtBeginDocument code.
Package caption Info: End \AtBeginDocument code.
Package biblatex Info: Input encoding 'utf8' detected.
Package biblatex Info: Automatic encoding selection.
(biblatex)             Assuming data encoding 'utf8'.
\openout7 = `main.bcf'.

Package biblatex Info: Trying to load bibliographic data...
Package biblatex Info: ... file 'main.bbl' not found.
No file main.bbl.
Package biblatex Info: Reference section=0 on input line 13.
Package biblatex Info: Reference segment=0 on input line 13.
(/home/casperversteeg/OneDrive/Duke/latex-project-template/build/main.nav)
<images/Color-Duke-University-logo.jpg, id=53, 2366.08969pt x 1279.78125pt>
File: images/Color-Duke-University-logo.jpg Graphic file (type jpg)
<use images/Color-Duke-University-logo.jpg>
Package pdftex.def Info: images/Color-Duke-University-logo.jpg  used on input l
ine 14.
(pdftex.def)             Requested size: 57.07967pt x 72.26999pt.
[1{/home/casperversteeg/.miktex/texmfs/data/pdftex/config/pdftex.map}

 <./images/Color-Duke-University-logo.jpg>] (/home/casperversteeg/OneDrive/Duke
/latex-project-template/build/main.toc) [2

] (/home/casperversteeg/OneDrive/Duke/latex-project-template/build/main.toc) [3

] [4

] [5

] (/home/casperversteeg/OneDrive/Duke/latex-project-template/build/main.toc) [6

]

LaTeX Warning: Empty bibliography on input line 32.

[7

] [8

]
\tf@nav=\write11
\openout11 = `main.nav'.

\tf@toc=\write12
\openout12 = `main.toc'.

\tf@snm=\write13
\openout13 = `main.snm'.

Package atveryend Info: Empty hook `BeforeClearDocument' on input line 38.
Package atveryend Info: Empty hook `AfterLastShipout' on input line 38.
(/home/casperversteeg/OneDrive/Duke/latex-project-template/build/main.aux)
Package atveryend Info: Executing hook `AtVeryEndDocument' on input line 38.
Package atveryend Info: Executing hook `AtEndAfterFileList' on input line 38.
Package rerunfilecheck Info: File `main.out' has not changed.
(rerunfilecheck)             Checksum: 9308889E9F2911443347DF7C2D1F0B7A;92.

LaTeX Warning: There were undefined references.


Package biblatex Warning: Please (re)run Biber on the file:
(biblatex)                main
(biblatex)                and rerun LaTeX afterwards.

Package logreq Info: Writing requests to 'main.run.xml'.
\openout1 = `main.run.xml'.

 ) 
Here is how much of TeX's memory you used:
 52319 strings out of 494864
 1063949 string characters out of 3177763
 1763145 words of memory out of 3000000
 55027 multiletter control sequences out of 15000+200000
 534643 words of font info for 35 fonts, out of 3000000 for 9000
 0 hyphenation exceptions out of 8191
 73i,15n,102p,1131b,2020s stack positions out of 5000i,500n,10000p,200000b,50000s
</home/casperversteeg/.miktex/texmfs/install/fonts/type1/public/amsfonts/cm/c
mr10.pfb></home/casperversteeg/.miktex/texmfs/install/fonts/type1/public/amsfon
ts/cm/cmr12.pfb></home/casperversteeg/.miktex/texmfs/install/fonts/type1/public
/amsfonts/cm/cmr17.pfb></home/casperversteeg/.miktex/texmfs/install/fonts/type1
/public/amsfonts/cm/cmr5.pfb></home/casperversteeg/.miktex/texmfs/install/fonts
/type1/public/amsfonts/cm/cmr7.pfb></home/casperversteeg/.miktex/texmfs/install
/fonts/type1/public/amsfonts/cm/cmr9.pfb>
Output written on main.pdf (8 pages, 469546 bytes).
PDF statistics:
 157 PDF objects out of 1000 (max. 8388607)
 19 named destinations out of 1000 (max. 500000)
 6862 words of extra memory for PDF output out of 10000 (max. 10000000)

